<?xml version="1.0" encoding="UTF-8"?>
<!-- Generated by org.testng.reporters.JUnitXMLReporter -->
<testsuite hostname="D69659" ignored="42" name="Smokink testing" tests="11" failures="11" timestamp="10 nov 2017 14:29:49 GMT" time="0.058" errors="0">
  <testcase name="UC002_CT002_PD002_1" time="0.012" classname="incluir_requisicao_pagamento.Teste_inclui_requisicao_pagamento">
    <failure type="java.lang.NullPointerException">
      <![CDATA[java.lang.NullPointerException
	at incluir_requisicao_pagamento.Teste_inclui_requisicao_pagamento.UC002_CT002_PD002_1(Teste_inclui_requisicao_pagamento.java:28)
... Removed 25 stack frames]]>
    </failure>
  </testcase> <!-- UC002_CT002_PD002_1 -->
  <testcase name="UC002_CT005_PD001_1" time="0.002" classname="visualizar_Informacoes_resumidas_requisicao_pagamento.Teste_Visualiza">
    <failure type="java.lang.NullPointerException">
      <![CDATA[java.lang.NullPointerException
	at visualizar_Informacoes_resumidas_requisicao_pagamento.Teste_Visualiza.UC002_CT005_PD001_1(Teste_Visualiza.java:25)
... Removed 25 stack frames]]>
    </failure>
  </testcase> <!-- UC002_CT005_PD001_1 -->
  <testcase name="UC002_CT006_PD006_1" time="0.001" classname="visualizar_detalhes_historicos_requisicao_pagamento.Teste_Visualiza_Detalhes">
    <failure type="java.lang.NullPointerException">
      <![CDATA[java.lang.NullPointerException
	at visualizar_detalhes_historicos_requisicao_pagamento.Teste_Visualiza_Detalhes.UC002_CT006_PD006_1(Teste_Visualiza_Detalhes.java:29)
... Removed 25 stack frames]]>
    </failure>
  </testcase> <!-- UC002_CT006_PD006_1 -->
  <testcase name="UC002_CT003_PD003_1" time="0.001" classname="alterar_requisicao_pagamento_dados_processo.Teste_Altera_Dados_Processo">
    <failure type="java.lang.NullPointerException">
      <![CDATA[java.lang.NullPointerException
	at alterar_requisicao_pagamento_dados_processo.Teste_Altera_Dados_Processo.UC002_CT003_PD003_1(Teste_Altera_Dados_Processo.java:28)
... Removed 25 stack frames]]>
    </failure>
  </testcase> <!-- UC002_CT003_PD003_1 -->
  <testcase name="UC002_CT007_PD002_1" time="0.0" classname="incluir_requisicao_pagamento_beneficiario.Teste_Inclui_Beneficiario">
    <failure type="java.lang.NullPointerException">
      <![CDATA[java.lang.NullPointerException
	at incluir_requisicao_pagamento_beneficiario.Teste_Inclui_Beneficiario.UC002_CT007_PD002_1(Teste_Inclui_Beneficiario.java:30)
... Removed 25 stack frames]]>
    </failure>
  </testcase> <!-- UC002_CT007_PD002_1 -->
  <testcase name="UC002_CT008_PD002_1" time="0.0" classname="alterar_requisicao_pagamento_beneficiario.Teste_Altera_Beneficiario">
    <failure type="java.lang.NullPointerException">
      <![CDATA[java.lang.NullPointerException
	at alterar_requisicao_pagamento_beneficiario.Teste_Altera_Beneficiario.UC002_CT008_PD002_1(Teste_Altera_Beneficiario.java:24)
... Removed 25 stack frames]]>
    </failure>
  </testcase> <!-- UC002_CT008_PD002_1 -->
  <testcase name="UC002_CT009_PD009_1" time="0.0" classname="incluir_requisicao_pagamento_terceiro_interessado.Teste_Inclui_Terceiros_Interessados">
    <failure type="java.lang.NullPointerException">
      <![CDATA[java.lang.NullPointerException
	at incluir_requisicao_pagamento_terceiro_interessado.Teste_Inclui_Terceiros_Interessados.UC002_CT009_PD009_1(Teste_Inclui_Terceiros_Interessados.java:33)
... Removed 25 stack frames]]>
    </failure>
  </testcase> <!-- UC002_CT009_PD009_1 -->
  <testcase name="UC002_CT012_PD012_1" time="0.0" classname="visualizar_requisicao_pagamento.Teste_Visualiza_Requisicao_Pagamento">
    <failure type="java.lang.NullPointerException">
      <![CDATA[java.lang.NullPointerException
	at visualizar_requisicao_pagamento.Teste_Visualiza_Requisicao_Pagamento.UC002_CT012_PD012_1(Teste_Visualiza_Requisicao_Pagamento.java:27)
... Removed 25 stack frames]]>
    </failure>
  </testcase> <!-- UC002_CT012_PD012_1 -->
  <testcase name="UC002_CT010_PD010_1" time="0.001" classname="alterar_requisicao_pagamento_terceiro_interessado.Teste_Altera_Terceiros_Interessados">
    <failure type="java.lang.NullPointerException">
      <![CDATA[java.lang.NullPointerException
	at alterar_requisicao_pagamento_terceiro_interessado.Teste_Altera_Terceiros_Interessados.UC002_CT010_PD010_1(Teste_Altera_Terceiros_Interessados.java:28)
... Removed 25 stack frames]]>
    </failure>
  </testcase> <!-- UC002_CT010_PD010_1 -->
  <testcase name="UC002_CT001_PD001_1" time="0.001" classname="consultar_requisicao_pagamento.Teste_Consulta">
    <failure type="java.lang.NullPointerException">
      <![CDATA[java.lang.NullPointerException
	at consultar_requisicao_pagamento.Teste_Consulta.UC002_CT001_PD001_1(Teste_Consulta.java:36)
... Removed 25 stack frames]]>
    </failure>
  </testcase> <!-- UC002_CT001_PD001_1 -->
  <testcase name="UC002_CT004_PD004_1" time="0.001" classname="excluir_requisicao_pagamento.Teste_Exclui">
    <failure type="java.lang.NullPointerException">
      <![CDATA[java.lang.NullPointerException
	at excluir_requisicao_pagamento.Teste_Exclui.UC002_CT004_PD004_1(Teste_Exclui.java:25)
... Removed 25 stack frames]]>
    </failure>
  </testcase> <!-- UC002_CT004_PD004_1 -->
  <testcase name="UC002_CT009_PD009_2" time="0.0" classname="incluir_requisicao_pagamento_terceiro_interessado.Teste_Inclui_Terceiros_Interessados">
    <ignored/>
  </testcase> <!-- UC002_CT009_PD009_2 -->
  <testcase name="UC002_CT007_PD002_4" time="0.0" classname="incluir_requisicao_pagamento_beneficiario.Teste_Inclui_Beneficiario">
    <ignored/>
  </testcase> <!-- UC002_CT007_PD002_4 -->
  <testcase name="UC002_CT004_PD004_4" time="0.0" classname="excluir_requisicao_pagamento.Teste_Exclui">
    <ignored/>
  </testcase> <!-- UC002_CT004_PD004_4 -->
  <testcase name="UC002_CT005_PD001_2" time="0.0" classname="visualizar_Informacoes_resumidas_requisicao_pagamento.Teste_Visualiza">
    <ignored/>
  </testcase> <!-- UC002_CT005_PD001_2 -->
  <testcase name="UC002_CT005_PD001_3" time="0.0" classname="visualizar_Informacoes_resumidas_requisicao_pagamento.Teste_Visualiza">
    <ignored/>
  </testcase> <!-- UC002_CT005_PD001_3 -->
  <testcase name="UC002_CT007_PD002_2" time="0.0" classname="incluir_requisicao_pagamento_beneficiario.Teste_Inclui_Beneficiario">
    <ignored/>
  </testcase> <!-- UC002_CT007_PD002_2 -->
  <testcase name="UC002_CT007_PD002_3" time="0.0" classname="incluir_requisicao_pagamento_beneficiario.Teste_Inclui_Beneficiario">
    <ignored/>
  </testcase> <!-- UC002_CT007_PD002_3 -->
  <testcase name="UC002_CT004_PD004_3" time="0.0" classname="excluir_requisicao_pagamento.Teste_Exclui">
    <ignored/>
  </testcase> <!-- UC002_CT004_PD004_3 -->
  <testcase name="UC002_CT004_PD004_2" time="0.0" classname="excluir_requisicao_pagamento.Teste_Exclui">
    <ignored/>
  </testcase> <!-- UC002_CT004_PD004_2 -->
  <testcase name="UC002_CT004_PD004_5" time="0.0" classname="excluir_requisicao_pagamento.Teste_Exclui">
    <ignored/>
  </testcase> <!-- UC002_CT004_PD004_5 -->
  <testcase name="UC002_CT009_PD009_5" time="0.0" classname="incluir_requisicao_pagamento_terceiro_interessado.Teste_Inclui_Terceiros_Interessados">
    <ignored/>
  </testcase> <!-- UC002_CT009_PD009_5 -->
  <testcase name="UC002_CT003_PD003_3" time="0.0" classname="alterar_requisicao_pagamento_dados_processo.Teste_Altera_Dados_Processo">
    <ignored/>
  </testcase> <!-- UC002_CT003_PD003_3 -->
  <testcase name="UC002_CT0010_PD0010_2" time="0.0" classname="alterar_requisicao_pagamento_terceiro_interessado.Teste_Altera_Terceiros_Interessados">
    <ignored/>
  </testcase> <!-- UC002_CT0010_PD0010_2 -->
  <testcase name="UC002_CT009_PD009_7" time="0.0" classname="incluir_requisicao_pagamento_terceiro_interessado.Teste_Inclui_Terceiros_Interessados">
    <ignored/>
  </testcase> <!-- UC002_CT009_PD009_7 -->
  <testcase name="UC002_CT009_PD009_4" time="0.0" classname="incluir_requisicao_pagamento_terceiro_interessado.Teste_Inclui_Terceiros_Interessados">
    <ignored/>
  </testcase> <!-- UC002_CT009_PD009_4 -->
  <testcase name="UC002_CT003_PD003_4" time="0.0" classname="alterar_requisicao_pagamento_dados_processo.Teste_Altera_Dados_Processo">
    <ignored/>
  </testcase> <!-- UC002_CT003_PD003_4 -->
  <testcase name="UC002_CT003_PD003_7" time="0.0" classname="alterar_requisicao_pagamento_dados_processo.Teste_Altera_Dados_Processo">
    <ignored/>
  </testcase> <!-- UC002_CT003_PD003_7 -->
  <testcase name="UC002_CT009_PD009_6" time="0.0" classname="incluir_requisicao_pagamento_terceiro_interessado.Teste_Inclui_Terceiros_Interessados">
    <ignored/>
  </testcase> <!-- UC002_CT009_PD009_6 -->
  <testcase name="UC002_CT003_PD003_2" time="0.0" classname="alterar_requisicao_pagamento_dados_processo.Teste_Altera_Dados_Processo">
    <ignored/>
  </testcase> <!-- UC002_CT003_PD003_2 -->
  <testcase name="UC002_CT003_PD003_5" time="0.0" classname="alterar_requisicao_pagamento_dados_processo.Teste_Altera_Dados_Processo">
    <ignored/>
  </testcase> <!-- UC002_CT003_PD003_5 -->
  <testcase name="UC002_CT009_PD009_8" time="0.0" classname="incluir_requisicao_pagamento_terceiro_interessado.Teste_Inclui_Terceiros_Interessados">
    <ignored/>
  </testcase> <!-- UC002_CT009_PD009_8 -->
  <testcase name="UC002_CT008_PD002_4" time="0.0" classname="alterar_requisicao_pagamento_beneficiario.Teste_Altera_Beneficiario">
    <ignored/>
  </testcase> <!-- UC002_CT008_PD002_4 -->
  <testcase name="incluir_Advogado" time="0.0" classname="incluir_requisicao_pagamento_beneficiario.Teste_Inclui_Beneficiario">
    <ignored/>
  </testcase> <!-- incluir_Advogado -->
  <testcase name="UC002_CT003_PD003_6" time="0.0" classname="alterar_requisicao_pagamento_dados_processo.Teste_Altera_Dados_Processo">
    <ignored/>
  </testcase> <!-- UC002_CT003_PD003_6 -->
  <testcase name="UC002_CT009_PD009_3" time="0.0" classname="incluir_requisicao_pagamento_terceiro_interessado.Teste_Inclui_Terceiros_Interessados">
    <ignored/>
  </testcase> <!-- UC002_CT009_PD009_3 -->
  <testcase name="UC002_CT008_PD002_2" time="0.0" classname="alterar_requisicao_pagamento_beneficiario.Teste_Altera_Beneficiario">
    <ignored/>
  </testcase> <!-- UC002_CT008_PD002_2 -->
  <testcase name="UC002_CT002_PD002_7" time="0.0" classname="incluir_requisicao_pagamento.Teste_inclui_requisicao_pagamento">
    <ignored/>
  </testcase> <!-- UC002_CT002_PD002_7 -->
  <testcase name="UC002_CT008_PD002_3" time="0.0" classname="alterar_requisicao_pagamento_beneficiario.Teste_Altera_Beneficiario">
    <ignored/>
  </testcase> <!-- UC002_CT008_PD002_3 -->
  <testcase name="UC002_CT003_PD003_8" time="0.0" classname="alterar_requisicao_pagamento_dados_processo.Teste_Altera_Dados_Processo">
    <ignored/>
  </testcase> <!-- UC002_CT003_PD003_8 -->
  <testcase name="UC002_CT001_PD001_3" time="0.0" classname="consultar_requisicao_pagamento.Teste_Consulta">
    <ignored/>
  </testcase> <!-- UC002_CT001_PD001_3 -->
  <testcase name="UC002_CT003_PD003_9" time="0.0" classname="alterar_requisicao_pagamento_dados_processo.Teste_Altera_Dados_Processo">
    <ignored/>
  </testcase> <!-- UC002_CT003_PD003_9 -->
  <testcase name="UC002_CT002_PD001_2" time="0.0" classname="consultar_requisicao_pagamento.Teste_Consulta">
    <ignored/>
  </testcase> <!-- UC002_CT002_PD001_2 -->
  <testcase name="UC002_CT004_PD004_6" time="0.0" classname="excluir_requisicao_pagamento.Teste_Exclui">
    <ignored/>
  </testcase> <!-- UC002_CT004_PD004_6 -->
  <testcase name="UC002_CT007_PD002_6" time="0.0" classname="incluir_requisicao_pagamento_beneficiario.Teste_Inclui_Beneficiario">
    <ignored/>
  </testcase> <!-- UC002_CT007_PD002_6 -->
  <testcase name="UC002_CT002_PD002_2" time="0.0" classname="incluir_requisicao_pagamento.Teste_inclui_requisicao_pagamento">
    <ignored/>
  </testcase> <!-- UC002_CT002_PD002_2 -->
  <testcase name="UC002_CT002_PD002_5" time="0.0" classname="incluir_requisicao_pagamento.Teste_inclui_requisicao_pagamento">
    <ignored/>
  </testcase> <!-- UC002_CT002_PD002_5 -->
  <testcase name="UC002_CT007_PD002_5" time="0.0" classname="incluir_requisicao_pagamento_beneficiario.Teste_Inclui_Beneficiario">
    <ignored/>
  </testcase> <!-- UC002_CT007_PD002_5 -->
  <testcase name="UC002_CT002_PD002_4" time="0.0" classname="incluir_requisicao_pagamento.Teste_inclui_requisicao_pagamento">
    <ignored/>
  </testcase> <!-- UC002_CT002_PD002_4 -->
  <testcase name="UC002_CT002_PD002_6" time="0.0" classname="incluir_requisicao_pagamento.Teste_inclui_requisicao_pagamento">
    <ignored/>
  </testcase> <!-- UC002_CT002_PD002_6 -->
  <testcase name="UC002_CT002_PD002_9" time="0.0" classname="incluir_requisicao_pagamento.Teste_inclui_requisicao_pagamento">
    <ignored/>
  </testcase> <!-- UC002_CT002_PD002_9 -->
  <testcase name="UC002_CT002_PD002_8" time="0.0" classname="incluir_requisicao_pagamento.Teste_inclui_requisicao_pagamento">
    <ignored/>
  </testcase> <!-- UC002_CT002_PD002_8 -->
  <testcase name="UC002_CT002_PD002_3" time="0.0" classname="incluir_requisicao_pagamento.Teste_inclui_requisicao_pagamento">
    <ignored/>
  </testcase> <!-- UC002_CT002_PD002_3 -->
</testsuite> <!-- Smokink testing -->
