<?xml version="1.0" encoding="UTF-8"?>
<!-- Generated by org.testng.reporters.JUnitXMLReporter -->
<testsuite hostname="D69659" ignored="23" name="Regression_testing" tests="58" failures="2" timestamp="18 Dec 2017 12:34:35 GMT" time="1541.702" errors="0">
  <testcase name="UC002_CT002_PD002_1" time="26.425" classname="incluir_requisicao_pagamento.Teste_inclui_requisicao_pagamento"/>
  <testcase name="UC002_CT002_PD002_10" time="25.818" classname="incluir_requisicao_pagamento.Teste_inclui_requisicao_pagamento"/>
  <testcase name="UC002_CT002_PD002_2" time="15.535" classname="incluir_requisicao_pagamento.Teste_inclui_requisicao_pagamento"/>
  <testcase name="UC002_CT002_PD002_3" time="25.976" classname="incluir_requisicao_pagamento.Teste_inclui_requisicao_pagamento"/>
  <testcase name="UC002_CT002_PD002_4" time="34.023" classname="incluir_requisicao_pagamento.Teste_inclui_requisicao_pagamento"/>
  <testcase name="UC002_CT002_PD002_5" time="30.683" classname="incluir_requisicao_pagamento.Teste_inclui_requisicao_pagamento"/>
  <testcase name="UC002_CT002_PD002_6" time="33.623" classname="incluir_requisicao_pagamento.Teste_inclui_requisicao_pagamento"/>
  <testcase name="UC002_CT002_PD002_7" time="30.113" classname="incluir_requisicao_pagamento.Teste_inclui_requisicao_pagamento"/>
  <testcase name="UC002_CT002_PD002_8" time="30.13" classname="incluir_requisicao_pagamento.Teste_inclui_requisicao_pagamento"/>
  <testcase name="UC002_CT002_PD002_9" time="13.967" classname="incluir_requisicao_pagamento.Teste_inclui_requisicao_pagamento"/>
  <testcase name="UC002_CT005_PD001_1" time="15.136" classname="visualizar_Informacoes_resumidas_requisicao_pagamento.Teste_Visualiza"/>
  <testcase name="UC002_CT005_PD001_2" time="15.096" classname="visualizar_Informacoes_resumidas_requisicao_pagamento.Teste_Visualiza"/>
  <testcase name="UC002_CT005_PD001_3" time="15.15" classname="visualizar_Informacoes_resumidas_requisicao_pagamento.Teste_Visualiza"/>
  <testcase name="UC002_CT006_PD006_1" time="16.467" classname="visualizar_detalhes_historicos_requisicao_pagamento.Teste_Visualiza_Detalhes"/>
  <testcase name="UC002_CT003_PD003_1" time="30.636" classname="alterar_requisicao_pagamento_dados_processo.Teste_Altera_Dados_Processo"/>
  <testcase name="UC002_CT003_PD003_2" time="18.009" classname="alterar_requisicao_pagamento_dados_processo.Teste_Altera_Dados_Processo"/>
  <testcase name="UC002_CT003_PD003_3" time="30.627" classname="alterar_requisicao_pagamento_dados_processo.Teste_Altera_Dados_Processo"/>
  <testcase name="UC002_CT003_PD003_4" time="25.088" classname="alterar_requisicao_pagamento_dados_processo.Teste_Altera_Dados_Processo"/>
  <testcase name="UC002_CT003_PD003_5" time="20.564" classname="alterar_requisicao_pagamento_dados_processo.Teste_Altera_Dados_Processo"/>
  <testcase name="UC002_CT003_PD003_6" time="24.916" classname="alterar_requisicao_pagamento_dados_processo.Teste_Altera_Dados_Processo"/>
  <testcase name="UC002_CT003_PD003_7" time="24.796" classname="alterar_requisicao_pagamento_dados_processo.Teste_Altera_Dados_Processo"/>
  <testcase name="UC002_CT003_PD003_8" time="20.597" classname="alterar_requisicao_pagamento_dados_processo.Teste_Altera_Dados_Processo"/>
  <testcase name="UC002_CT003_PD003_9" time="16.518" classname="alterar_requisicao_pagamento_dados_processo.Teste_Altera_Dados_Processo"/>
  <testcase name="UC002_CT007_PD002_1" time="28.607" classname="incluir_requisicao_pagamento_beneficiario.Teste_Inclui_Beneficiario"/>
  <testcase name="UC002_CT007_PD002_2" time="18.068" classname="incluir_requisicao_pagamento_beneficiario.Teste_Inclui_Beneficiario"/>
  <testcase name="UC002_CT007_PD002_3" time="18.305" classname="incluir_requisicao_pagamento_beneficiario.Teste_Inclui_Beneficiario"/>
  <testcase name="UC002_CT007_PD002_4" time="15.508" classname="incluir_requisicao_pagamento_beneficiario.Teste_Inclui_Beneficiario"/>
  <testcase name="UC002_CT007_PD002_5" time="18.056" classname="incluir_requisicao_pagamento_beneficiario.Teste_Inclui_Beneficiario"/>
  <testcase name="UC002_CT007_PD002_6" time="15.885" classname="incluir_requisicao_pagamento_beneficiario.Teste_Inclui_Beneficiario"/>
  <testcase name="UC002_CT007_PD002_7" time="20.571" classname="incluir_requisicao_pagamento_beneficiario.Teste_Inclui_Beneficiario"/>
  <testcase name="UC002_CT007_PD002_8" time="28.711" classname="incluir_requisicao_pagamento_beneficiario.Teste_Inclui_Beneficiario"/>
  <testcase name="UC002_CT008_PD002_1" time="19.375" classname="alterar_requisicao_pagamento_beneficiario.Teste_Altera_Beneficiario"/>
  <testcase name="UC002_CT008_PD002_2" time="19.527" classname="alterar_requisicao_pagamento_beneficiario.Teste_Altera_Beneficiario"/>
  <testcase name="UC002_CT008_PD002_3" time="19.245" classname="alterar_requisicao_pagamento_beneficiario.Teste_Altera_Beneficiario"/>
  <testcase name="UC002_CT009_PD009_1" time="19.626" classname="incluir_requisicao_pagamento_terceiro_interessado.Teste_Inclui_Terceiros_Interessados"/>
  <testcase name="UC002_CT009_PD009_2" time="19.949" classname="incluir_requisicao_pagamento_terceiro_interessado.Teste_Inclui_Terceiros_Interessados"/>
  <testcase name="UC002_CT009_PD009_3" time="18.776" classname="incluir_requisicao_pagamento_terceiro_interessado.Teste_Inclui_Terceiros_Interessados"/>
  <testcase name="UC002_CT009_PD009_4" time="18.113" classname="incluir_requisicao_pagamento_terceiro_interessado.Teste_Inclui_Terceiros_Interessados"/>
  <testcase name="UC002_CT009_PD009_5" time="18.539" classname="incluir_requisicao_pagamento_terceiro_interessado.Teste_Inclui_Terceiros_Interessados"/>
  <testcase name="UC002_CT009_PD009_6" time="18.871" classname="incluir_requisicao_pagamento_terceiro_interessado.Teste_Inclui_Terceiros_Interessados"/>
  <testcase name="UC002_CT009_PD009_7" time="18.787" classname="incluir_requisicao_pagamento_terceiro_interessado.Teste_Inclui_Terceiros_Interessados"/>
  <testcase name="UC002_CT009_PD009_8" time="18.214" classname="incluir_requisicao_pagamento_terceiro_interessado.Teste_Inclui_Terceiros_Interessados"/>
  <testcase name="UC002_CT009_PD009_9" time="19.518" classname="incluir_requisicao_pagamento_terceiro_interessado.Teste_Inclui_Terceiros_Interessados"/>
  <testcase name="UC002_CT0010_PD010_2" time="16.777" classname="alterar_requisicao_pagamento_terceiro_interessado.Teste_Altera_Terceiros_Interessados"/>
  <testcase name="UC002_CT010_PD010_1" time="16.616" classname="alterar_requisicao_pagamento_terceiro_interessado.Teste_Altera_Terceiros_Interessados"/>
  <testcase name="UC002_CT012_PD012_1" time="16.488" classname="visualizar_requisicao_pagamento.Teste_Visualiza_Requisicao_Pagamento">
    <failure type="java.lang.AssertionError">
      <![CDATA[java.lang.AssertionError: 
	at visualizar_requisicao_pagamento.Teste_Visualiza_Requisicao_Pagamento.UC002_CT012_PD012_1(Teste_Visualiza_Requisicao_Pagamento.java:35)
... Removed 28 stack frames]]>
    </failure>
  </testcase> <!-- UC002_CT012_PD012_1 -->
  <testcase name="UC002_CT012_PD012_2" time="16.424" classname="visualizar_requisicao_pagamento.Teste_Visualiza_Requisicao_Pagamento"/>
  <testcase name="UC002_CT001_PD001_1" time="17.012" classname="consultar_requisicao_pagamento.Teste_Consulta"/>
  <testcase name="UC002_CT001_PD001_3" time="15.601" classname="consultar_requisicao_pagamento.Teste_Consulta"/>
  <testcase name="UC002_CT002_PD001_2" time="14.955" classname="consultar_requisicao_pagamento.Teste_Consulta"/>
  <testcase name="UC002_CT011_PD011_1" time="22.465" classname="finalizar_cadastro.Teste_Finalizar_Cadastro"/>
  <testcase name="UC002_CT011_PD011_2" time="14.935" classname="finalizar_cadastro.Teste_Finalizar_Cadastro">
    <failure type="java.lang.AssertionError" message="Error 404: Process not found">
      <![CDATA[java.lang.AssertionError: Error 404: Process not found
	at finalizar_cadastro.Teste_Finalizar_Cadastro.UC002_CT011_PD011_2(Teste_Finalizar_Cadastro.java:46)
... Removed 26 stack frames]]>
    </failure>
  </testcase> <!-- UC002_CT011_PD011_2 -->
  <testcase name="UC002_CT004_PD004_1" time="15.632" classname="excluir_requisicao_pagamento.Teste_Exclui"/>
  <testcase name="UC002_CT004_PD004_2" time="15.603" classname="excluir_requisicao_pagamento.Teste_Exclui"/>
  <testcase name="UC002_CT004_PD004_3" time="15.774" classname="excluir_requisicao_pagamento.Teste_Exclui"/>
  <testcase name="UC002_CT004_PD004_4" time="15.728" classname="excluir_requisicao_pagamento.Teste_Exclui"/>
  <testcase name="UC002_CT004_PD004_5" time="15.654" classname="excluir_requisicao_pagamento.Teste_Exclui"/>
  <testcase name="UC002_CT004_PD004_6" time="15.769" classname="excluir_requisicao_pagamento.Teste_Exclui"/>
  <testcase name="@AfterSuite afterSuite" time="0.0" classname="gep_pagamento_auxiliary.Report">
    <ignored/>
  </testcase> <!-- @AfterSuite afterSuite -->
  <testcase name="@AfterSuite afterSuite" time="0.0" classname="gep_pagamento_auxiliary.Report">
    <ignored/>
  </testcase> <!-- @AfterSuite afterSuite -->
  <testcase name="@AfterSuite afterSuite" time="0.0" classname="gep_pagamento_auxiliary.Report">
    <ignored/>
  </testcase> <!-- @AfterSuite afterSuite -->
  <testcase name="@AfterSuite afterSuite" time="0.0" classname="gep_pagamento_auxiliary.Report">
    <ignored/>
  </testcase> <!-- @AfterSuite afterSuite -->
  <testcase name="@AfterSuite afterSuite" time="0.0" classname="gep_pagamento_auxiliary.Report">
    <ignored/>
  </testcase> <!-- @AfterSuite afterSuite -->
  <testcase name="@AfterSuite afterSuite" time="0.0" classname="gep_pagamento_auxiliary.Report">
    <ignored/>
  </testcase> <!-- @AfterSuite afterSuite -->
  <testcase name="@AfterSuite afterSuite" time="0.0" classname="gep_pagamento_auxiliary.Report">
    <ignored/>
  </testcase> <!-- @AfterSuite afterSuite -->
  <testcase name="@AfterSuite afterSuite" time="0.0" classname="gep_pagamento_auxiliary.Report">
    <ignored/>
  </testcase> <!-- @AfterSuite afterSuite -->
  <testcase name="@AfterSuite afterSuite" time="0.0" classname="gep_pagamento_auxiliary.Report">
    <ignored/>
  </testcase> <!-- @AfterSuite afterSuite -->
  <testcase name="@AfterSuite afterSuite" time="0.0" classname="gep_pagamento_auxiliary.Report">
    <ignored/>
  </testcase> <!-- @AfterSuite afterSuite -->
  <testcase name="@AfterSuite afterSuite" time="0.0" classname="gep_pagamento_auxiliary.Report">
    <ignored/>
  </testcase> <!-- @AfterSuite afterSuite -->
  <testcase name="@BeforeSuite beforeSuite" time="0.0" classname="gep_pagamento_auxiliary.Report">
    <ignored/>
  </testcase> <!-- @BeforeSuite beforeSuite -->
  <testcase name="@BeforeSuite beforeSuite" time="0.0" classname="gep_pagamento_auxiliary.Report">
    <ignored/>
  </testcase> <!-- @BeforeSuite beforeSuite -->
  <testcase name="@BeforeSuite beforeSuite" time="0.0" classname="gep_pagamento_auxiliary.Report">
    <ignored/>
  </testcase> <!-- @BeforeSuite beforeSuite -->
  <testcase name="@BeforeSuite beforeSuite" time="0.0" classname="gep_pagamento_auxiliary.Report">
    <ignored/>
  </testcase> <!-- @BeforeSuite beforeSuite -->
  <testcase name="@BeforeSuite beforeSuite" time="0.0" classname="gep_pagamento_auxiliary.Report">
    <ignored/>
  </testcase> <!-- @BeforeSuite beforeSuite -->
  <testcase name="@BeforeSuite beforeSuite" time="0.0" classname="gep_pagamento_auxiliary.Report">
    <ignored/>
  </testcase> <!-- @BeforeSuite beforeSuite -->
  <testcase name="@BeforeSuite beforeSuite" time="0.0" classname="gep_pagamento_auxiliary.Report">
    <ignored/>
  </testcase> <!-- @BeforeSuite beforeSuite -->
  <testcase name="@BeforeSuite beforeSuite" time="0.0" classname="gep_pagamento_auxiliary.Report">
    <ignored/>
  </testcase> <!-- @BeforeSuite beforeSuite -->
  <testcase name="@BeforeSuite beforeSuite" time="0.0" classname="gep_pagamento_auxiliary.Report">
    <ignored/>
  </testcase> <!-- @BeforeSuite beforeSuite -->
  <testcase name="@BeforeSuite beforeSuite" time="0.0" classname="gep_pagamento_auxiliary.Report">
    <ignored/>
  </testcase> <!-- @BeforeSuite beforeSuite -->
  <testcase name="@BeforeSuite beforeSuite" time="0.0" classname="gep_pagamento_auxiliary.Report">
    <ignored/>
  </testcase> <!-- @BeforeSuite beforeSuite -->
  <testcase name="incluir_Advogado" time="0.0" classname="incluir_requisicao_pagamento_beneficiario.Teste_Inclui_Beneficiario">
    <ignored/>
  </testcase> <!-- incluir_Advogado -->
</testsuite> <!-- Regression_testing -->
