<?xml version="1.0" encoding="UTF-8"?>
<testng-results skipped="0" failed="2" ignored="23" total="81" passed="56">
  <reporter-output>
  </reporter-output>
  <suite name="Suite Regression testing GEP TC002" duration-ms="1541702" started-at="2017-12-18T12:08:53Z" finished-at="2017-12-18T12:34:35Z">
    <groups>
      <group name="Smoke testing">
        <method signature="Teste_Altera_Beneficiario.UC002_CT008_PD002_1()[pri:0, instance:alterar_requisicao_pagamento_beneficiario.Teste_Altera_Beneficiario@25bbe1b6]" name="UC002_CT008_PD002_1" class="alterar_requisicao_pagamento_beneficiario.Teste_Altera_Beneficiario"/>
        <method signature="Teste_Altera_Dados_Processo.UC002_CT003_PD003_1()[pri:0, instance:alterar_requisicao_pagamento_dados_processo.Teste_Altera_Dados_Processo@1ed4004b]" name="UC002_CT003_PD003_1" class="alterar_requisicao_pagamento_dados_processo.Teste_Altera_Dados_Processo"/>
        <method signature="Teste_Altera_Terceiros_Interessados.UC002_CT010_PD010_1()[pri:0, instance:alterar_requisicao_pagamento_terceiro_interessado.Teste_Altera_Terceiros_Interessados@69ea3742]" name="UC002_CT010_PD010_1" class="alterar_requisicao_pagamento_terceiro_interessado.Teste_Altera_Terceiros_Interessados"/>
        <method signature="Teste_Consulta.UC002_CT001_PD001_1()[pri:0, instance:consultar_requisicao_pagamento.Teste_Consulta@3159c4b8]" name="UC002_CT001_PD001_1" class="consultar_requisicao_pagamento.Teste_Consulta"/>
        <method signature="Teste_Exclui.UC002_CT004_PD004_1()[pri:0, instance:excluir_requisicao_pagamento.Teste_Exclui@4bec1f0c]" name="UC002_CT004_PD004_1" class="excluir_requisicao_pagamento.Teste_Exclui"/>
        <method signature="Teste_Finalizar_Cadastro.UC002_CT011_PD011_1()[pri:0, instance:finalizar_cadastro.Teste_Finalizar_Cadastro@73846619]" name="UC002_CT011_PD011_1" class="finalizar_cadastro.Teste_Finalizar_Cadastro"/>
        <method signature="Teste_Inclui_Beneficiario.UC002_CT007_PD002_1()[pri:0, instance:incluir_requisicao_pagamento_beneficiario.Teste_Inclui_Beneficiario@ff5b51f]" name="UC002_CT007_PD002_1" class="incluir_requisicao_pagamento_beneficiario.Teste_Inclui_Beneficiario"/>
        <method signature="Teste_Inclui_Beneficiario.UC002_CT007_PD002_8()[pri:0, instance:incluir_requisicao_pagamento_beneficiario.Teste_Inclui_Beneficiario@ff5b51f]" name="UC002_CT007_PD002_8" class="incluir_requisicao_pagamento_beneficiario.Teste_Inclui_Beneficiario"/>
        <method signature="Teste_Inclui_Terceiros_Interessados.UC002_CT009_PD009_1()[pri:0, instance:incluir_requisicao_pagamento_terceiro_interessado.Teste_Inclui_Terceiros_Interessados@5702b3b1]" name="UC002_CT009_PD009_1" class="incluir_requisicao_pagamento_terceiro_interessado.Teste_Inclui_Terceiros_Interessados"/>
        <method signature="Teste_Inclui_Terceiros_Interessados.UC002_CT009_PD009_9()[pri:0, instance:incluir_requisicao_pagamento_terceiro_interessado.Teste_Inclui_Terceiros_Interessados@5702b3b1]" name="UC002_CT009_PD009_9" class="incluir_requisicao_pagamento_terceiro_interessado.Teste_Inclui_Terceiros_Interessados"/>
        <method signature="Teste_Visualiza.UC002_CT005_PD001_1()[pri:0, instance:visualizar_Informacoes_resumidas_requisicao_pagamento.Teste_Visualiza@56ef9176]" name="UC002_CT005_PD001_1" class="visualizar_Informacoes_resumidas_requisicao_pagamento.Teste_Visualiza"/>
        <method signature="Teste_Visualiza_Detalhes.UC002_CT006_PD006_1()[pri:0, instance:visualizar_detalhes_historicos_requisicao_pagamento.Teste_Visualiza_Detalhes@4566e5bd]" name="UC002_CT006_PD006_1" class="visualizar_detalhes_historicos_requisicao_pagamento.Teste_Visualiza_Detalhes"/>
        <method signature="Teste_Visualiza_Requisicao_Pagamento.UC002_CT012_PD012_1()[pri:0, instance:visualizar_requisicao_pagamento.Teste_Visualiza_Requisicao_Pagamento@4b952a2d]" name="UC002_CT012_PD012_1" class="visualizar_requisicao_pagamento.Teste_Visualiza_Requisicao_Pagamento"/>
        <method signature="Teste_inclui_requisicao_pagamento.UC002_CT002_PD002_1()[pri:0, instance:incluir_requisicao_pagamento.Teste_inclui_requisicao_pagamento@5cb9f472]" name="UC002_CT002_PD002_1" class="incluir_requisicao_pagamento.Teste_inclui_requisicao_pagamento"/>
        <method signature="Teste_inclui_requisicao_pagamento.UC002_CT002_PD002_10()[pri:0, instance:incluir_requisicao_pagamento.Teste_inclui_requisicao_pagamento@5cb9f472]" name="UC002_CT002_PD002_10" class="incluir_requisicao_pagamento.Teste_inclui_requisicao_pagamento"/>
      </group> <!-- Smoke testing -->
      <group name="Regression testing">
        <method signature="Teste_Altera_Beneficiario.UC002_CT008_PD002_1()[pri:0, instance:alterar_requisicao_pagamento_beneficiario.Teste_Altera_Beneficiario@25bbe1b6]" name="UC002_CT008_PD002_1" class="alterar_requisicao_pagamento_beneficiario.Teste_Altera_Beneficiario"/>
        <method signature="Teste_Altera_Beneficiario.UC002_CT008_PD002_2()[pri:0, instance:alterar_requisicao_pagamento_beneficiario.Teste_Altera_Beneficiario@25bbe1b6]" name="UC002_CT008_PD002_2" class="alterar_requisicao_pagamento_beneficiario.Teste_Altera_Beneficiario"/>
        <method signature="Teste_Altera_Beneficiario.UC002_CT008_PD002_3()[pri:0, instance:alterar_requisicao_pagamento_beneficiario.Teste_Altera_Beneficiario@25bbe1b6]" name="UC002_CT008_PD002_3" class="alterar_requisicao_pagamento_beneficiario.Teste_Altera_Beneficiario"/>
        <method signature="Teste_Altera_Dados_Processo.UC002_CT003_PD003_1()[pri:0, instance:alterar_requisicao_pagamento_dados_processo.Teste_Altera_Dados_Processo@1ed4004b]" name="UC002_CT003_PD003_1" class="alterar_requisicao_pagamento_dados_processo.Teste_Altera_Dados_Processo"/>
        <method signature="Teste_Altera_Dados_Processo.UC002_CT003_PD003_2()[pri:0, instance:alterar_requisicao_pagamento_dados_processo.Teste_Altera_Dados_Processo@1ed4004b]" name="UC002_CT003_PD003_2" class="alterar_requisicao_pagamento_dados_processo.Teste_Altera_Dados_Processo"/>
        <method signature="Teste_Altera_Dados_Processo.UC002_CT003_PD003_3()[pri:0, instance:alterar_requisicao_pagamento_dados_processo.Teste_Altera_Dados_Processo@1ed4004b]" name="UC002_CT003_PD003_3" class="alterar_requisicao_pagamento_dados_processo.Teste_Altera_Dados_Processo"/>
        <method signature="Teste_Altera_Dados_Processo.UC002_CT003_PD003_4()[pri:0, instance:alterar_requisicao_pagamento_dados_processo.Teste_Altera_Dados_Processo@1ed4004b]" name="UC002_CT003_PD003_4" class="alterar_requisicao_pagamento_dados_processo.Teste_Altera_Dados_Processo"/>
        <method signature="Teste_Altera_Dados_Processo.UC002_CT003_PD003_5()[pri:0, instance:alterar_requisicao_pagamento_dados_processo.Teste_Altera_Dados_Processo@1ed4004b]" name="UC002_CT003_PD003_5" class="alterar_requisicao_pagamento_dados_processo.Teste_Altera_Dados_Processo"/>
        <method signature="Teste_Altera_Dados_Processo.UC002_CT003_PD003_6()[pri:0, instance:alterar_requisicao_pagamento_dados_processo.Teste_Altera_Dados_Processo@1ed4004b]" name="UC002_CT003_PD003_6" class="alterar_requisicao_pagamento_dados_processo.Teste_Altera_Dados_Processo"/>
        <method signature="Teste_Altera_Dados_Processo.UC002_CT003_PD003_7()[pri:0, instance:alterar_requisicao_pagamento_dados_processo.Teste_Altera_Dados_Processo@1ed4004b]" name="UC002_CT003_PD003_7" class="alterar_requisicao_pagamento_dados_processo.Teste_Altera_Dados_Processo"/>
        <method signature="Teste_Altera_Dados_Processo.UC002_CT003_PD003_8()[pri:0, instance:alterar_requisicao_pagamento_dados_processo.Teste_Altera_Dados_Processo@1ed4004b]" name="UC002_CT003_PD003_8" class="alterar_requisicao_pagamento_dados_processo.Teste_Altera_Dados_Processo"/>
        <method signature="Teste_Altera_Dados_Processo.UC002_CT003_PD003_9()[pri:0, instance:alterar_requisicao_pagamento_dados_processo.Teste_Altera_Dados_Processo@1ed4004b]" name="UC002_CT003_PD003_9" class="alterar_requisicao_pagamento_dados_processo.Teste_Altera_Dados_Processo"/>
        <method signature="Teste_Altera_Terceiros_Interessados.UC002_CT0010_PD010_2()[pri:0, instance:alterar_requisicao_pagamento_terceiro_interessado.Teste_Altera_Terceiros_Interessados@69ea3742]" name="UC002_CT0010_PD010_2" class="alterar_requisicao_pagamento_terceiro_interessado.Teste_Altera_Terceiros_Interessados"/>
        <method signature="Teste_Altera_Terceiros_Interessados.UC002_CT010_PD010_1()[pri:0, instance:alterar_requisicao_pagamento_terceiro_interessado.Teste_Altera_Terceiros_Interessados@69ea3742]" name="UC002_CT010_PD010_1" class="alterar_requisicao_pagamento_terceiro_interessado.Teste_Altera_Terceiros_Interessados"/>
        <method signature="Teste_Consulta.UC002_CT001_PD001_1()[pri:0, instance:consultar_requisicao_pagamento.Teste_Consulta@3159c4b8]" name="UC002_CT001_PD001_1" class="consultar_requisicao_pagamento.Teste_Consulta"/>
        <method signature="Teste_Consulta.UC002_CT001_PD001_3()[pri:0, instance:consultar_requisicao_pagamento.Teste_Consulta@3159c4b8]" name="UC002_CT001_PD001_3" class="consultar_requisicao_pagamento.Teste_Consulta"/>
        <method signature="Teste_Consulta.UC002_CT002_PD001_2()[pri:0, instance:consultar_requisicao_pagamento.Teste_Consulta@3159c4b8]" name="UC002_CT002_PD001_2" class="consultar_requisicao_pagamento.Teste_Consulta"/>
        <method signature="Teste_Exclui.UC002_CT004_PD004_1()[pri:0, instance:excluir_requisicao_pagamento.Teste_Exclui@4bec1f0c]" name="UC002_CT004_PD004_1" class="excluir_requisicao_pagamento.Teste_Exclui"/>
        <method signature="Teste_Exclui.UC002_CT004_PD004_2()[pri:0, instance:excluir_requisicao_pagamento.Teste_Exclui@4bec1f0c]" name="UC002_CT004_PD004_2" class="excluir_requisicao_pagamento.Teste_Exclui"/>
        <method signature="Teste_Exclui.UC002_CT004_PD004_3()[pri:0, instance:excluir_requisicao_pagamento.Teste_Exclui@4bec1f0c]" name="UC002_CT004_PD004_3" class="excluir_requisicao_pagamento.Teste_Exclui"/>
        <method signature="Teste_Exclui.UC002_CT004_PD004_4()[pri:0, instance:excluir_requisicao_pagamento.Teste_Exclui@4bec1f0c]" name="UC002_CT004_PD004_4" class="excluir_requisicao_pagamento.Teste_Exclui"/>
        <method signature="Teste_Exclui.UC002_CT004_PD004_5()[pri:0, instance:excluir_requisicao_pagamento.Teste_Exclui@4bec1f0c]" name="UC002_CT004_PD004_5" class="excluir_requisicao_pagamento.Teste_Exclui"/>
        <method signature="Teste_Exclui.UC002_CT004_PD004_6()[pri:0, instance:excluir_requisicao_pagamento.Teste_Exclui@4bec1f0c]" name="UC002_CT004_PD004_6" class="excluir_requisicao_pagamento.Teste_Exclui"/>
        <method signature="Teste_Finalizar_Cadastro.UC002_CT011_PD011_1()[pri:0, instance:finalizar_cadastro.Teste_Finalizar_Cadastro@73846619]" name="UC002_CT011_PD011_1" class="finalizar_cadastro.Teste_Finalizar_Cadastro"/>
        <method signature="Teste_Finalizar_Cadastro.UC002_CT011_PD011_2()[pri:0, instance:finalizar_cadastro.Teste_Finalizar_Cadastro@73846619]" name="UC002_CT011_PD011_2" class="finalizar_cadastro.Teste_Finalizar_Cadastro"/>
        <method signature="Teste_Inclui_Beneficiario.UC002_CT007_PD002_1()[pri:0, instance:incluir_requisicao_pagamento_beneficiario.Teste_Inclui_Beneficiario@ff5b51f]" name="UC002_CT007_PD002_1" class="incluir_requisicao_pagamento_beneficiario.Teste_Inclui_Beneficiario"/>
        <method signature="Teste_Inclui_Beneficiario.UC002_CT007_PD002_2()[pri:0, instance:incluir_requisicao_pagamento_beneficiario.Teste_Inclui_Beneficiario@ff5b51f]" name="UC002_CT007_PD002_2" class="incluir_requisicao_pagamento_beneficiario.Teste_Inclui_Beneficiario"/>
        <method signature="Teste_Inclui_Beneficiario.UC002_CT007_PD002_3()[pri:0, instance:incluir_requisicao_pagamento_beneficiario.Teste_Inclui_Beneficiario@ff5b51f]" name="UC002_CT007_PD002_3" class="incluir_requisicao_pagamento_beneficiario.Teste_Inclui_Beneficiario"/>
        <method signature="Teste_Inclui_Beneficiario.UC002_CT007_PD002_4()[pri:0, instance:incluir_requisicao_pagamento_beneficiario.Teste_Inclui_Beneficiario@ff5b51f]" name="UC002_CT007_PD002_4" class="incluir_requisicao_pagamento_beneficiario.Teste_Inclui_Beneficiario"/>
        <method signature="Teste_Inclui_Beneficiario.UC002_CT007_PD002_5()[pri:0, instance:incluir_requisicao_pagamento_beneficiario.Teste_Inclui_Beneficiario@ff5b51f]" name="UC002_CT007_PD002_5" class="incluir_requisicao_pagamento_beneficiario.Teste_Inclui_Beneficiario"/>
        <method signature="Teste_Inclui_Beneficiario.UC002_CT007_PD002_6()[pri:0, instance:incluir_requisicao_pagamento_beneficiario.Teste_Inclui_Beneficiario@ff5b51f]" name="UC002_CT007_PD002_6" class="incluir_requisicao_pagamento_beneficiario.Teste_Inclui_Beneficiario"/>
        <method signature="Teste_Inclui_Beneficiario.UC002_CT007_PD002_7()[pri:0, instance:incluir_requisicao_pagamento_beneficiario.Teste_Inclui_Beneficiario@ff5b51f]" name="UC002_CT007_PD002_7" class="incluir_requisicao_pagamento_beneficiario.Teste_Inclui_Beneficiario"/>
        <method signature="Teste_Inclui_Beneficiario.UC002_CT007_PD002_8()[pri:0, instance:incluir_requisicao_pagamento_beneficiario.Teste_Inclui_Beneficiario@ff5b51f]" name="UC002_CT007_PD002_8" class="incluir_requisicao_pagamento_beneficiario.Teste_Inclui_Beneficiario"/>
        <method signature="Teste_Inclui_Terceiros_Interessados.UC002_CT009_PD009_1()[pri:0, instance:incluir_requisicao_pagamento_terceiro_interessado.Teste_Inclui_Terceiros_Interessados@5702b3b1]" name="UC002_CT009_PD009_1" class="incluir_requisicao_pagamento_terceiro_interessado.Teste_Inclui_Terceiros_Interessados"/>
        <method signature="Teste_Inclui_Terceiros_Interessados.UC002_CT009_PD009_2()[pri:0, instance:incluir_requisicao_pagamento_terceiro_interessado.Teste_Inclui_Terceiros_Interessados@5702b3b1]" name="UC002_CT009_PD009_2" class="incluir_requisicao_pagamento_terceiro_interessado.Teste_Inclui_Terceiros_Interessados"/>
        <method signature="Teste_Inclui_Terceiros_Interessados.UC002_CT009_PD009_3()[pri:0, instance:incluir_requisicao_pagamento_terceiro_interessado.Teste_Inclui_Terceiros_Interessados@5702b3b1]" name="UC002_CT009_PD009_3" class="incluir_requisicao_pagamento_terceiro_interessado.Teste_Inclui_Terceiros_Interessados"/>
        <method signature="Teste_Inclui_Terceiros_Interessados.UC002_CT009_PD009_4()[pri:0, instance:incluir_requisicao_pagamento_terceiro_interessado.Teste_Inclui_Terceiros_Interessados@5702b3b1]" name="UC002_CT009_PD009_4" class="incluir_requisicao_pagamento_terceiro_interessado.Teste_Inclui_Terceiros_Interessados"/>
        <method signature="Teste_Inclui_Terceiros_Interessados.UC002_CT009_PD009_5()[pri:0, instance:incluir_requisicao_pagamento_terceiro_interessado.Teste_Inclui_Terceiros_Interessados@5702b3b1]" name="UC002_CT009_PD009_5" class="incluir_requisicao_pagamento_terceiro_interessado.Teste_Inclui_Terceiros_Interessados"/>
        <method signature="Teste_Inclui_Terceiros_Interessados.UC002_CT009_PD009_6()[pri:0, instance:incluir_requisicao_pagamento_terceiro_interessado.Teste_Inclui_Terceiros_Interessados@5702b3b1]" name="UC002_CT009_PD009_6" class="incluir_requisicao_pagamento_terceiro_interessado.Teste_Inclui_Terceiros_Interessados"/>
        <method signature="Teste_Inclui_Terceiros_Interessados.UC002_CT009_PD009_7()[pri:0, instance:incluir_requisicao_pagamento_terceiro_interessado.Teste_Inclui_Terceiros_Interessados@5702b3b1]" name="UC002_CT009_PD009_7" class="incluir_requisicao_pagamento_terceiro_interessado.Teste_Inclui_Terceiros_Interessados"/>
        <method signature="Teste_Inclui_Terceiros_Interessados.UC002_CT009_PD009_8()[pri:0, instance:incluir_requisicao_pagamento_terceiro_interessado.Teste_Inclui_Terceiros_Interessados@5702b3b1]" name="UC002_CT009_PD009_8" class="incluir_requisicao_pagamento_terceiro_interessado.Teste_Inclui_Terceiros_Interessados"/>
        <method signature="Teste_Inclui_Terceiros_Interessados.UC002_CT009_PD009_9()[pri:0, instance:incluir_requisicao_pagamento_terceiro_interessado.Teste_Inclui_Terceiros_Interessados@5702b3b1]" name="UC002_CT009_PD009_9" class="incluir_requisicao_pagamento_terceiro_interessado.Teste_Inclui_Terceiros_Interessados"/>
        <method signature="Teste_Visualiza.UC002_CT005_PD001_1()[pri:0, instance:visualizar_Informacoes_resumidas_requisicao_pagamento.Teste_Visualiza@56ef9176]" name="UC002_CT005_PD001_1" class="visualizar_Informacoes_resumidas_requisicao_pagamento.Teste_Visualiza"/>
        <method signature="Teste_Visualiza.UC002_CT005_PD001_2()[pri:0, instance:visualizar_Informacoes_resumidas_requisicao_pagamento.Teste_Visualiza@56ef9176]" name="UC002_CT005_PD001_2" class="visualizar_Informacoes_resumidas_requisicao_pagamento.Teste_Visualiza"/>
        <method signature="Teste_Visualiza.UC002_CT005_PD001_3()[pri:0, instance:visualizar_Informacoes_resumidas_requisicao_pagamento.Teste_Visualiza@56ef9176]" name="UC002_CT005_PD001_3" class="visualizar_Informacoes_resumidas_requisicao_pagamento.Teste_Visualiza"/>
        <method signature="Teste_Visualiza_Detalhes.UC002_CT006_PD006_1()[pri:0, instance:visualizar_detalhes_historicos_requisicao_pagamento.Teste_Visualiza_Detalhes@4566e5bd]" name="UC002_CT006_PD006_1" class="visualizar_detalhes_historicos_requisicao_pagamento.Teste_Visualiza_Detalhes"/>
        <method signature="Teste_Visualiza_Requisicao_Pagamento.UC002_CT012_PD012_2()[pri:0, instance:visualizar_requisicao_pagamento.Teste_Visualiza_Requisicao_Pagamento@4b952a2d]" name="UC002_CT012_PD012_2" class="visualizar_requisicao_pagamento.Teste_Visualiza_Requisicao_Pagamento"/>
        <method signature="Teste_inclui_requisicao_pagamento.UC002_CT002_PD002_1()[pri:0, instance:incluir_requisicao_pagamento.Teste_inclui_requisicao_pagamento@5cb9f472]" name="UC002_CT002_PD002_1" class="incluir_requisicao_pagamento.Teste_inclui_requisicao_pagamento"/>
        <method signature="Teste_inclui_requisicao_pagamento.UC002_CT002_PD002_10()[pri:0, instance:incluir_requisicao_pagamento.Teste_inclui_requisicao_pagamento@5cb9f472]" name="UC002_CT002_PD002_10" class="incluir_requisicao_pagamento.Teste_inclui_requisicao_pagamento"/>
        <method signature="Teste_inclui_requisicao_pagamento.UC002_CT002_PD002_2()[pri:0, instance:incluir_requisicao_pagamento.Teste_inclui_requisicao_pagamento@5cb9f472]" name="UC002_CT002_PD002_2" class="incluir_requisicao_pagamento.Teste_inclui_requisicao_pagamento"/>
        <method signature="Teste_inclui_requisicao_pagamento.UC002_CT002_PD002_3()[pri:0, instance:incluir_requisicao_pagamento.Teste_inclui_requisicao_pagamento@5cb9f472]" name="UC002_CT002_PD002_3" class="incluir_requisicao_pagamento.Teste_inclui_requisicao_pagamento"/>
        <method signature="Teste_inclui_requisicao_pagamento.UC002_CT002_PD002_4()[pri:0, instance:incluir_requisicao_pagamento.Teste_inclui_requisicao_pagamento@5cb9f472]" name="UC002_CT002_PD002_4" class="incluir_requisicao_pagamento.Teste_inclui_requisicao_pagamento"/>
        <method signature="Teste_inclui_requisicao_pagamento.UC002_CT002_PD002_5()[pri:0, instance:incluir_requisicao_pagamento.Teste_inclui_requisicao_pagamento@5cb9f472]" name="UC002_CT002_PD002_5" class="incluir_requisicao_pagamento.Teste_inclui_requisicao_pagamento"/>
        <method signature="Teste_inclui_requisicao_pagamento.UC002_CT002_PD002_6()[pri:0, instance:incluir_requisicao_pagamento.Teste_inclui_requisicao_pagamento@5cb9f472]" name="UC002_CT002_PD002_6" class="incluir_requisicao_pagamento.Teste_inclui_requisicao_pagamento"/>
        <method signature="Teste_inclui_requisicao_pagamento.UC002_CT002_PD002_7()[pri:0, instance:incluir_requisicao_pagamento.Teste_inclui_requisicao_pagamento@5cb9f472]" name="UC002_CT002_PD002_7" class="incluir_requisicao_pagamento.Teste_inclui_requisicao_pagamento"/>
        <method signature="Teste_inclui_requisicao_pagamento.UC002_CT002_PD002_8()[pri:0, instance:incluir_requisicao_pagamento.Teste_inclui_requisicao_pagamento@5cb9f472]" name="UC002_CT002_PD002_8" class="incluir_requisicao_pagamento.Teste_inclui_requisicao_pagamento"/>
        <method signature="Teste_inclui_requisicao_pagamento.UC002_CT002_PD002_9()[pri:0, instance:incluir_requisicao_pagamento.Teste_inclui_requisicao_pagamento@5cb9f472]" name="UC002_CT002_PD002_9" class="incluir_requisicao_pagamento.Teste_inclui_requisicao_pagamento"/>
      </group> <!-- Regression testing -->
    </groups>
    <test name="Regression_testing" duration-ms="1541702" started-at="2017-12-18T12:08:53Z" finished-at="2017-12-18T12:34:35Z">
      <class name="incluir_requisicao_pagamento_terceiro_interessado.Teste_Inclui_Terceiros_Interessados">
        <test-method status="PASS" signature="beforeMethod()[pri:0, instance:incluir_requisicao_pagamento_terceiro_interessado.Teste_Inclui_Terceiros_Interessados@5702b3b1]" name="beforeMethod" is-config="true" duration-ms="3686" started-at="2017-12-18T09:25:10Z" finished-at="2017-12-18T09:25:14Z">
          <reporter-output>
          </reporter-output>
        </test-method> <!-- beforeMethod -->
        <test-method status="PASS" signature="UC002_CT009_PD009_1()[pri:0, instance:incluir_requisicao_pagamento_terceiro_interessado.Teste_Inclui_Terceiros_Interessados@5702b3b1]" name="UC002_CT009_PD009_1" duration-ms="19626" started-at="2017-12-18T09:25:14Z" finished-at="2017-12-18T09:25:33Z">
          <reporter-output>
          </reporter-output>
        </test-method> <!-- UC002_CT009_PD009_1 -->
        <test-method status="PASS" signature="afterMethod(org.testng.ITestResult)[pri:0, instance:incluir_requisicao_pagamento_terceiro_interessado.Teste_Inclui_Terceiros_Interessados@5702b3b1]" name="afterMethod" is-config="true" duration-ms="2486" started-at="2017-12-18T09:25:33Z" finished-at="2017-12-18T09:25:36Z">
          <params>
            <param index="0">
              <value>
                <![CDATA[[TestResult name=UC002_CT009_PD009_1 status=SUCCESS method=Teste_Inclui_Terceiros_Interessados.UC002_CT009_PD009_1()[pri:0, instance:incluir_requisicao_pagamento_terceiro_interessado.Teste_Inclui_Terceiros_Interessados@5702b3b1] output={null}]]]>
              </value>
            </param>
          </params>
          <reporter-output>
          </reporter-output>
        </test-method> <!-- afterMethod -->
        <test-method status="PASS" signature="beforeMethod()[pri:0, instance:incluir_requisicao_pagamento_terceiro_interessado.Teste_Inclui_Terceiros_Interessados@5702b3b1]" name="beforeMethod" is-config="true" duration-ms="3731" started-at="2017-12-18T09:25:36Z" finished-at="2017-12-18T09:25:39Z">
          <reporter-output>
          </reporter-output>
        </test-method> <!-- beforeMethod -->
        <test-method status="PASS" signature="UC002_CT009_PD009_2()[pri:0, instance:incluir_requisicao_pagamento_terceiro_interessado.Teste_Inclui_Terceiros_Interessados@5702b3b1]" name="UC002_CT009_PD009_2" duration-ms="19949" started-at="2017-12-18T09:25:39Z" finished-at="2017-12-18T09:25:59Z">
          <reporter-output>
          </reporter-output>
        </test-method> <!-- UC002_CT009_PD009_2 -->
        <test-method status="PASS" signature="afterMethod(org.testng.ITestResult)[pri:0, instance:incluir_requisicao_pagamento_terceiro_interessado.Teste_Inclui_Terceiros_Interessados@5702b3b1]" name="afterMethod" is-config="true" duration-ms="2487" started-at="2017-12-18T09:25:59Z" finished-at="2017-12-18T09:26:02Z">
          <params>
            <param index="0">
              <value>
                <![CDATA[[TestResult name=UC002_CT009_PD009_2 status=SUCCESS method=Teste_Inclui_Terceiros_Interessados.UC002_CT009_PD009_2()[pri:0, instance:incluir_requisicao_pagamento_terceiro_interessado.Teste_Inclui_Terceiros_Interessados@5702b3b1] output={null}]]]>
              </value>
            </param>
          </params>
          <reporter-output>
          </reporter-output>
        </test-method> <!-- afterMethod -->
        <test-method status="PASS" signature="beforeMethod()[pri:0, instance:incluir_requisicao_pagamento_terceiro_interessado.Teste_Inclui_Terceiros_Interessados@5702b3b1]" name="beforeMethod" is-config="true" duration-ms="3694" started-at="2017-12-18T09:26:02Z" finished-at="2017-12-18T09:26:05Z">
          <reporter-output>
          </reporter-output>
        </test-method> <!-- beforeMethod -->
        <test-method status="PASS" signature="UC002_CT009_PD009_3()[pri:0, instance:incluir_requisicao_pagamento_terceiro_interessado.Teste_Inclui_Terceiros_Interessados@5702b3b1]" name="UC002_CT009_PD009_3" duration-ms="18776" started-at="2017-12-18T09:26:05Z" finished-at="2017-12-18T09:26:24Z">
          <reporter-output>
          </reporter-output>
        </test-method> <!-- UC002_CT009_PD009_3 -->
        <test-method status="PASS" signature="afterMethod(org.testng.ITestResult)[pri:0, instance:incluir_requisicao_pagamento_terceiro_interessado.Teste_Inclui_Terceiros_Interessados@5702b3b1]" name="afterMethod" is-config="true" duration-ms="2578" started-at="2017-12-18T09:26:24Z" finished-at="2017-12-18T09:26:27Z">
          <params>
            <param index="0">
              <value>
                <![CDATA[[TestResult name=UC002_CT009_PD009_3 status=SUCCESS method=Teste_Inclui_Terceiros_Interessados.UC002_CT009_PD009_3()[pri:0, instance:incluir_requisicao_pagamento_terceiro_interessado.Teste_Inclui_Terceiros_Interessados@5702b3b1] output={null}]]]>
              </value>
            </param>
          </params>
          <reporter-output>
          </reporter-output>
        </test-method> <!-- afterMethod -->
        <test-method status="PASS" signature="beforeMethod()[pri:0, instance:incluir_requisicao_pagamento_terceiro_interessado.Teste_Inclui_Terceiros_Interessados@5702b3b1]" name="beforeMethod" is-config="true" duration-ms="3698" started-at="2017-12-18T09:26:27Z" finished-at="2017-12-18T09:26:31Z">
          <reporter-output>
          </reporter-output>
        </test-method> <!-- beforeMethod -->
        <test-method status="PASS" signature="UC002_CT009_PD009_4()[pri:0, instance:incluir_requisicao_pagamento_terceiro_interessado.Teste_Inclui_Terceiros_Interessados@5702b3b1]" name="UC002_CT009_PD009_4" duration-ms="18113" started-at="2017-12-18T09:26:31Z" finished-at="2017-12-18T09:26:49Z">
          <reporter-output>
          </reporter-output>
        </test-method> <!-- UC002_CT009_PD009_4 -->
        <test-method status="PASS" signature="afterMethod(org.testng.ITestResult)[pri:0, instance:incluir_requisicao_pagamento_terceiro_interessado.Teste_Inclui_Terceiros_Interessados@5702b3b1]" name="afterMethod" is-config="true" duration-ms="2519" started-at="2017-12-18T09:26:49Z" finished-at="2017-12-18T09:26:51Z">
          <params>
            <param index="0">
              <value>
                <![CDATA[[TestResult name=UC002_CT009_PD009_4 status=SUCCESS method=Teste_Inclui_Terceiros_Interessados.UC002_CT009_PD009_4()[pri:0, instance:incluir_requisicao_pagamento_terceiro_interessado.Teste_Inclui_Terceiros_Interessados@5702b3b1] output={null}]]]>
              </value>
            </param>
          </params>
          <reporter-output>
          </reporter-output>
        </test-method> <!-- afterMethod -->
        <test-method status="PASS" signature="beforeMethod()[pri:0, instance:incluir_requisicao_pagamento_terceiro_interessado.Teste_Inclui_Terceiros_Interessados@5702b3b1]" name="beforeMethod" is-config="true" duration-ms="3714" started-at="2017-12-18T09:26:51Z" finished-at="2017-12-18T09:26:55Z">
          <reporter-output>
          </reporter-output>
        </test-method> <!-- beforeMethod -->
        <test-method status="PASS" signature="UC002_CT009_PD009_5()[pri:0, instance:incluir_requisicao_pagamento_terceiro_interessado.Teste_Inclui_Terceiros_Interessados@5702b3b1]" name="UC002_CT009_PD009_5" duration-ms="18539" started-at="2017-12-18T09:26:55Z" finished-at="2017-12-18T09:27:13Z">
          <reporter-output>
          </reporter-output>
        </test-method> <!-- UC002_CT009_PD009_5 -->
        <test-method status="PASS" signature="afterMethod(org.testng.ITestResult)[pri:0, instance:incluir_requisicao_pagamento_terceiro_interessado.Teste_Inclui_Terceiros_Interessados@5702b3b1]" name="afterMethod" is-config="true" duration-ms="2546" started-at="2017-12-18T09:27:13Z" finished-at="2017-12-18T09:27:16Z">
          <params>
            <param index="0">
              <value>
                <![CDATA[[TestResult name=UC002_CT009_PD009_5 status=SUCCESS method=Teste_Inclui_Terceiros_Interessados.UC002_CT009_PD009_5()[pri:0, instance:incluir_requisicao_pagamento_terceiro_interessado.Teste_Inclui_Terceiros_Interessados@5702b3b1] output={null}]]]>
              </value>
            </param>
          </params>
          <reporter-output>
          </reporter-output>
        </test-method> <!-- afterMethod -->
        <test-method status="PASS" signature="beforeMethod()[pri:0, instance:incluir_requisicao_pagamento_terceiro_interessado.Teste_Inclui_Terceiros_Interessados@5702b3b1]" name="beforeMethod" is-config="true" duration-ms="3721" started-at="2017-12-18T09:27:16Z" finished-at="2017-12-18T09:27:20Z">
          <reporter-output>
          </reporter-output>
        </test-method> <!-- beforeMethod -->
        <test-method status="PASS" signature="UC002_CT009_PD009_6()[pri:0, instance:incluir_requisicao_pagamento_terceiro_interessado.Teste_Inclui_Terceiros_Interessados@5702b3b1]" name="UC002_CT009_PD009_6" duration-ms="18871" started-at="2017-12-18T09:27:20Z" finished-at="2017-12-18T09:27:39Z">
          <reporter-output>
          </reporter-output>
        </test-method> <!-- UC002_CT009_PD009_6 -->
        <test-method status="PASS" signature="afterMethod(org.testng.ITestResult)[pri:0, instance:incluir_requisicao_pagamento_terceiro_interessado.Teste_Inclui_Terceiros_Interessados@5702b3b1]" name="afterMethod" is-config="true" duration-ms="2589" started-at="2017-12-18T09:27:39Z" finished-at="2017-12-18T09:27:41Z">
          <params>
            <param index="0">
              <value>
                <![CDATA[[TestResult name=UC002_CT009_PD009_6 status=SUCCESS method=Teste_Inclui_Terceiros_Interessados.UC002_CT009_PD009_6()[pri:0, instance:incluir_requisicao_pagamento_terceiro_interessado.Teste_Inclui_Terceiros_Interessados@5702b3b1] output={null}]]]>
              </value>
            </param>
          </params>
          <reporter-output>
          </reporter-output>
        </test-method> <!-- afterMethod -->
        <test-method status="PASS" signature="beforeMethod()[pri:0, instance:incluir_requisicao_pagamento_terceiro_interessado.Teste_Inclui_Terceiros_Interessados@5702b3b1]" name="beforeMethod" is-config="true" duration-ms="3694" started-at="2017-12-18T09:27:41Z" finished-at="2017-12-18T09:27:45Z">
          <reporter-output>
          </reporter-output>
        </test-method> <!-- beforeMethod -->
        <test-method status="PASS" signature="UC002_CT009_PD009_7()[pri:0, instance:incluir_requisicao_pagamento_terceiro_interessado.Teste_Inclui_Terceiros_Interessados@5702b3b1]" name="UC002_CT009_PD009_7" duration-ms="18787" started-at="2017-12-18T09:27:45Z" finished-at="2017-12-18T09:28:04Z">
          <reporter-output>
          </reporter-output>
        </test-method> <!-- UC002_CT009_PD009_7 -->
        <test-method status="PASS" signature="afterMethod(org.testng.ITestResult)[pri:0, instance:incluir_requisicao_pagamento_terceiro_interessado.Teste_Inclui_Terceiros_Interessados@5702b3b1]" name="afterMethod" is-config="true" duration-ms="2474" started-at="2017-12-18T09:28:04Z" finished-at="2017-12-18T09:28:06Z">
          <params>
            <param index="0">
              <value>
                <![CDATA[[TestResult name=UC002_CT009_PD009_7 status=SUCCESS method=Teste_Inclui_Terceiros_Interessados.UC002_CT009_PD009_7()[pri:0, instance:incluir_requisicao_pagamento_terceiro_interessado.Teste_Inclui_Terceiros_Interessados@5702b3b1] output={null}]]]>
              </value>
            </param>
          </params>
          <reporter-output>
          </reporter-output>
        </test-method> <!-- afterMethod -->
        <test-method status="PASS" signature="beforeMethod()[pri:0, instance:incluir_requisicao_pagamento_terceiro_interessado.Teste_Inclui_Terceiros_Interessados@5702b3b1]" name="beforeMethod" is-config="true" duration-ms="3719" started-at="2017-12-18T09:28:06Z" finished-at="2017-12-18T09:28:10Z">
          <reporter-output>
          </reporter-output>
        </test-method> <!-- beforeMethod -->
        <test-method status="PASS" signature="UC002_CT009_PD009_8()[pri:0, instance:incluir_requisicao_pagamento_terceiro_interessado.Teste_Inclui_Terceiros_Interessados@5702b3b1]" name="UC002_CT009_PD009_8" duration-ms="18214" started-at="2017-12-18T09:28:10Z" finished-at="2017-12-18T09:28:28Z">
          <reporter-output>
          </reporter-output>
        </test-method> <!-- UC002_CT009_PD009_8 -->
        <test-method status="PASS" signature="afterMethod(org.testng.ITestResult)[pri:0, instance:incluir_requisicao_pagamento_terceiro_interessado.Teste_Inclui_Terceiros_Interessados@5702b3b1]" name="afterMethod" is-config="true" duration-ms="2795" started-at="2017-12-18T09:28:28Z" finished-at="2017-12-18T09:28:31Z">
          <params>
            <param index="0">
              <value>
                <![CDATA[[TestResult name=UC002_CT009_PD009_8 status=SUCCESS method=Teste_Inclui_Terceiros_Interessados.UC002_CT009_PD009_8()[pri:0, instance:incluir_requisicao_pagamento_terceiro_interessado.Teste_Inclui_Terceiros_Interessados@5702b3b1] output={null}]]]>
              </value>
            </param>
          </params>
          <reporter-output>
          </reporter-output>
        </test-method> <!-- afterMethod -->
        <test-method status="PASS" signature="beforeMethod()[pri:0, instance:incluir_requisicao_pagamento_terceiro_interessado.Teste_Inclui_Terceiros_Interessados@5702b3b1]" name="beforeMethod" is-config="true" duration-ms="3709" started-at="2017-12-18T09:28:31Z" finished-at="2017-12-18T09:28:35Z">
          <reporter-output>
          </reporter-output>
        </test-method> <!-- beforeMethod -->
        <test-method status="PASS" signature="UC002_CT009_PD009_9()[pri:0, instance:incluir_requisicao_pagamento_terceiro_interessado.Teste_Inclui_Terceiros_Interessados@5702b3b1]" name="UC002_CT009_PD009_9" duration-ms="19518" started-at="2017-12-18T09:28:35Z" finished-at="2017-12-18T09:28:54Z">
          <reporter-output>
          </reporter-output>
        </test-method> <!-- UC002_CT009_PD009_9 -->
        <test-method status="PASS" signature="afterMethod(org.testng.ITestResult)[pri:0, instance:incluir_requisicao_pagamento_terceiro_interessado.Teste_Inclui_Terceiros_Interessados@5702b3b1]" name="afterMethod" is-config="true" duration-ms="3315" started-at="2017-12-18T09:28:54Z" finished-at="2017-12-18T09:28:57Z">
          <params>
            <param index="0">
              <value>
                <![CDATA[[TestResult name=UC002_CT009_PD009_9 status=SUCCESS method=Teste_Inclui_Terceiros_Interessados.UC002_CT009_PD009_9()[pri:0, instance:incluir_requisicao_pagamento_terceiro_interessado.Teste_Inclui_Terceiros_Interessados@5702b3b1] output={null}]]]>
              </value>
            </param>
          </params>
          <reporter-output>
          </reporter-output>
        </test-method> <!-- afterMethod -->
      </class> <!-- incluir_requisicao_pagamento_terceiro_interessado.Teste_Inclui_Terceiros_Interessados -->
      <class name="incluir_requisicao_pagamento_beneficiario.Teste_Inclui_Beneficiario">
        <test-method status="PASS" signature="beforeMethod()[pri:0, instance:incluir_requisicao_pagamento_beneficiario.Teste_Inclui_Beneficiario@ff5b51f]" name="beforeMethod" is-config="true" duration-ms="3708" started-at="2017-12-18T09:20:19Z" finished-at="2017-12-18T09:20:23Z">
          <reporter-output>
          </reporter-output>
        </test-method> <!-- beforeMethod -->
        <test-method status="PASS" signature="UC002_CT007_PD002_1()[pri:0, instance:incluir_requisicao_pagamento_beneficiario.Teste_Inclui_Beneficiario@ff5b51f]" name="UC002_CT007_PD002_1" duration-ms="28607" started-at="2017-12-18T09:20:23Z" finished-at="2017-12-18T09:20:51Z">
          <reporter-output>
          </reporter-output>
        </test-method> <!-- UC002_CT007_PD002_1 -->
        <test-method status="PASS" signature="afterMethod(org.testng.ITestResult)[pri:0, instance:incluir_requisicao_pagamento_beneficiario.Teste_Inclui_Beneficiario@ff5b51f]" name="afterMethod" is-config="true" duration-ms="2516" started-at="2017-12-18T09:20:51Z" finished-at="2017-12-18T09:20:54Z">
          <params>
            <param index="0">
              <value>
                <![CDATA[[TestResult name=UC002_CT007_PD002_1 status=SUCCESS method=Teste_Inclui_Beneficiario.UC002_CT007_PD002_1()[pri:0, instance:incluir_requisicao_pagamento_beneficiario.Teste_Inclui_Beneficiario@ff5b51f] output={null}]]]>
              </value>
            </param>
          </params>
          <reporter-output>
          </reporter-output>
        </test-method> <!-- afterMethod -->
        <test-method status="PASS" signature="beforeMethod()[pri:0, instance:incluir_requisicao_pagamento_beneficiario.Teste_Inclui_Beneficiario@ff5b51f]" name="beforeMethod" is-config="true" duration-ms="3734" started-at="2017-12-18T09:20:54Z" finished-at="2017-12-18T09:20:57Z">
          <reporter-output>
          </reporter-output>
        </test-method> <!-- beforeMethod -->
        <test-method status="PASS" signature="UC002_CT007_PD002_2()[pri:0, instance:incluir_requisicao_pagamento_beneficiario.Teste_Inclui_Beneficiario@ff5b51f]" name="UC002_CT007_PD002_2" duration-ms="18068" started-at="2017-12-18T09:20:57Z" finished-at="2017-12-18T09:21:16Z">
          <reporter-output>
          </reporter-output>
        </test-method> <!-- UC002_CT007_PD002_2 -->
        <test-method status="PASS" signature="afterMethod(org.testng.ITestResult)[pri:0, instance:incluir_requisicao_pagamento_beneficiario.Teste_Inclui_Beneficiario@ff5b51f]" name="afterMethod" is-config="true" duration-ms="2526" started-at="2017-12-18T09:21:16Z" finished-at="2017-12-18T09:21:18Z">
          <params>
            <param index="0">
              <value>
                <![CDATA[[TestResult name=UC002_CT007_PD002_2 status=SUCCESS method=Teste_Inclui_Beneficiario.UC002_CT007_PD002_2()[pri:0, instance:incluir_requisicao_pagamento_beneficiario.Teste_Inclui_Beneficiario@ff5b51f] output={null}]]]>
              </value>
            </param>
          </params>
          <reporter-output>
          </reporter-output>
        </test-method> <!-- afterMethod -->
        <test-method status="PASS" signature="beforeMethod()[pri:0, instance:incluir_requisicao_pagamento_beneficiario.Teste_Inclui_Beneficiario@ff5b51f]" name="beforeMethod" is-config="true" duration-ms="3707" started-at="2017-12-18T09:21:18Z" finished-at="2017-12-18T09:21:22Z">
          <reporter-output>
          </reporter-output>
        </test-method> <!-- beforeMethod -->
        <test-method status="PASS" signature="UC002_CT007_PD002_3()[pri:0, instance:incluir_requisicao_pagamento_beneficiario.Teste_Inclui_Beneficiario@ff5b51f]" name="UC002_CT007_PD002_3" duration-ms="18305" started-at="2017-12-18T09:21:22Z" finished-at="2017-12-18T09:21:40Z">
          <reporter-output>
          </reporter-output>
        </test-method> <!-- UC002_CT007_PD002_3 -->
        <test-method status="PASS" signature="afterMethod(org.testng.ITestResult)[pri:0, instance:incluir_requisicao_pagamento_beneficiario.Teste_Inclui_Beneficiario@ff5b51f]" name="afterMethod" is-config="true" duration-ms="2664" started-at="2017-12-18T09:21:40Z" finished-at="2017-12-18T09:21:43Z">
          <params>
            <param index="0">
              <value>
                <![CDATA[[TestResult name=UC002_CT007_PD002_3 status=SUCCESS method=Teste_Inclui_Beneficiario.UC002_CT007_PD002_3()[pri:0, instance:incluir_requisicao_pagamento_beneficiario.Teste_Inclui_Beneficiario@ff5b51f] output={null}]]]>
              </value>
            </param>
          </params>
          <reporter-output>
          </reporter-output>
        </test-method> <!-- afterMethod -->
        <test-method status="PASS" signature="beforeMethod()[pri:0, instance:incluir_requisicao_pagamento_beneficiario.Teste_Inclui_Beneficiario@ff5b51f]" name="beforeMethod" is-config="true" duration-ms="3721" started-at="2017-12-18T09:21:43Z" finished-at="2017-12-18T09:21:46Z">
          <reporter-output>
          </reporter-output>
        </test-method> <!-- beforeMethod -->
        <test-method status="PASS" signature="UC002_CT007_PD002_4()[pri:0, instance:incluir_requisicao_pagamento_beneficiario.Teste_Inclui_Beneficiario@ff5b51f]" name="UC002_CT007_PD002_4" duration-ms="15508" started-at="2017-12-18T09:21:46Z" finished-at="2017-12-18T09:22:02Z">
          <reporter-output>
          </reporter-output>
        </test-method> <!-- UC002_CT007_PD002_4 -->
        <test-method status="PASS" signature="afterMethod(org.testng.ITestResult)[pri:0, instance:incluir_requisicao_pagamento_beneficiario.Teste_Inclui_Beneficiario@ff5b51f]" name="afterMethod" is-config="true" duration-ms="2625" started-at="2017-12-18T09:22:02Z" finished-at="2017-12-18T09:22:05Z">
          <params>
            <param index="0">
              <value>
                <![CDATA[[TestResult name=UC002_CT007_PD002_4 status=SUCCESS method=Teste_Inclui_Beneficiario.UC002_CT007_PD002_4()[pri:0, instance:incluir_requisicao_pagamento_beneficiario.Teste_Inclui_Beneficiario@ff5b51f] output={null}]]]>
              </value>
            </param>
          </params>
          <reporter-output>
          </reporter-output>
        </test-method> <!-- afterMethod -->
        <test-method status="PASS" signature="beforeMethod()[pri:0, instance:incluir_requisicao_pagamento_beneficiario.Teste_Inclui_Beneficiario@ff5b51f]" name="beforeMethod" is-config="true" duration-ms="3715" started-at="2017-12-18T09:22:05Z" finished-at="2017-12-18T09:22:08Z">
          <reporter-output>
          </reporter-output>
        </test-method> <!-- beforeMethod -->
        <test-method status="PASS" signature="UC002_CT007_PD002_5()[pri:0, instance:incluir_requisicao_pagamento_beneficiario.Teste_Inclui_Beneficiario@ff5b51f]" name="UC002_CT007_PD002_5" duration-ms="18056" started-at="2017-12-18T09:22:08Z" finished-at="2017-12-18T09:22:26Z">
          <reporter-output>
          </reporter-output>
        </test-method> <!-- UC002_CT007_PD002_5 -->
        <test-method status="PASS" signature="afterMethod(org.testng.ITestResult)[pri:0, instance:incluir_requisicao_pagamento_beneficiario.Teste_Inclui_Beneficiario@ff5b51f]" name="afterMethod" is-config="true" duration-ms="2436" started-at="2017-12-18T09:22:26Z" finished-at="2017-12-18T09:22:29Z">
          <params>
            <param index="0">
              <value>
                <![CDATA[[TestResult name=UC002_CT007_PD002_5 status=SUCCESS method=Teste_Inclui_Beneficiario.UC002_CT007_PD002_5()[pri:0, instance:incluir_requisicao_pagamento_beneficiario.Teste_Inclui_Beneficiario@ff5b51f] output={null}]]]>
              </value>
            </param>
          </params>
          <reporter-output>
          </reporter-output>
        </test-method> <!-- afterMethod -->
        <test-method status="PASS" signature="beforeMethod()[pri:0, instance:incluir_requisicao_pagamento_beneficiario.Teste_Inclui_Beneficiario@ff5b51f]" name="beforeMethod" is-config="true" duration-ms="3713" started-at="2017-12-18T09:22:29Z" finished-at="2017-12-18T09:22:33Z">
          <reporter-output>
          </reporter-output>
        </test-method> <!-- beforeMethod -->
        <test-method status="PASS" signature="UC002_CT007_PD002_6()[pri:0, instance:incluir_requisicao_pagamento_beneficiario.Teste_Inclui_Beneficiario@ff5b51f]" name="UC002_CT007_PD002_6" duration-ms="15885" started-at="2017-12-18T09:22:33Z" finished-at="2017-12-18T09:22:48Z">
          <reporter-output>
          </reporter-output>
        </test-method> <!-- UC002_CT007_PD002_6 -->
        <test-method status="PASS" signature="afterMethod(org.testng.ITestResult)[pri:0, instance:incluir_requisicao_pagamento_beneficiario.Teste_Inclui_Beneficiario@ff5b51f]" name="afterMethod" is-config="true" duration-ms="2602" started-at="2017-12-18T09:22:48Z" finished-at="2017-12-18T09:22:51Z">
          <params>
            <param index="0">
              <value>
                <![CDATA[[TestResult name=UC002_CT007_PD002_6 status=SUCCESS method=Teste_Inclui_Beneficiario.UC002_CT007_PD002_6()[pri:0, instance:incluir_requisicao_pagamento_beneficiario.Teste_Inclui_Beneficiario@ff5b51f] output={null}]]]>
              </value>
            </param>
          </params>
          <reporter-output>
          </reporter-output>
        </test-method> <!-- afterMethod -->
        <test-method status="PASS" signature="beforeMethod()[pri:0, instance:incluir_requisicao_pagamento_beneficiario.Teste_Inclui_Beneficiario@ff5b51f]" name="beforeMethod" is-config="true" duration-ms="3714" started-at="2017-12-18T09:22:51Z" finished-at="2017-12-18T09:22:55Z">
          <reporter-output>
          </reporter-output>
        </test-method> <!-- beforeMethod -->
        <test-method status="PASS" signature="UC002_CT007_PD002_7()[pri:0, instance:incluir_requisicao_pagamento_beneficiario.Teste_Inclui_Beneficiario@ff5b51f]" name="UC002_CT007_PD002_7" duration-ms="20571" started-at="2017-12-18T09:22:55Z" finished-at="2017-12-18T09:23:15Z">
          <reporter-output>
          </reporter-output>
        </test-method> <!-- UC002_CT007_PD002_7 -->
        <test-method status="PASS" signature="afterMethod(org.testng.ITestResult)[pri:0, instance:incluir_requisicao_pagamento_beneficiario.Teste_Inclui_Beneficiario@ff5b51f]" name="afterMethod" is-config="true" duration-ms="2448" started-at="2017-12-18T09:23:15Z" finished-at="2017-12-18T09:23:18Z">
          <params>
            <param index="0">
              <value>
                <![CDATA[[TestResult name=UC002_CT007_PD002_7 status=SUCCESS method=Teste_Inclui_Beneficiario.UC002_CT007_PD002_7()[pri:0, instance:incluir_requisicao_pagamento_beneficiario.Teste_Inclui_Beneficiario@ff5b51f] output={null}]]]>
              </value>
            </param>
          </params>
          <reporter-output>
          </reporter-output>
        </test-method> <!-- afterMethod -->
        <test-method status="PASS" signature="beforeMethod()[pri:0, instance:incluir_requisicao_pagamento_beneficiario.Teste_Inclui_Beneficiario@ff5b51f]" name="beforeMethod" is-config="true" duration-ms="3749" started-at="2017-12-18T09:23:18Z" finished-at="2017-12-18T09:23:21Z">
          <reporter-output>
          </reporter-output>
        </test-method> <!-- beforeMethod -->
        <test-method status="PASS" signature="UC002_CT007_PD002_8()[pri:0, instance:incluir_requisicao_pagamento_beneficiario.Teste_Inclui_Beneficiario@ff5b51f]" name="UC002_CT007_PD002_8" duration-ms="28711" started-at="2017-12-18T09:23:21Z" finished-at="2017-12-18T09:23:50Z">
          <reporter-output>
          </reporter-output>
        </test-method> <!-- UC002_CT007_PD002_8 -->
        <test-method status="PASS" signature="afterMethod(org.testng.ITestResult)[pri:0, instance:incluir_requisicao_pagamento_beneficiario.Teste_Inclui_Beneficiario@ff5b51f]" name="afterMethod" is-config="true" duration-ms="2669" started-at="2017-12-18T09:23:50Z" finished-at="2017-12-18T09:23:53Z">
          <params>
            <param index="0">
              <value>
                <![CDATA[[TestResult name=UC002_CT007_PD002_8 status=SUCCESS method=Teste_Inclui_Beneficiario.UC002_CT007_PD002_8()[pri:0, instance:incluir_requisicao_pagamento_beneficiario.Teste_Inclui_Beneficiario@ff5b51f] output={null}]]]>
              </value>
            </param>
          </params>
          <reporter-output>
          </reporter-output>
        </test-method> <!-- afterMethod -->
      </class> <!-- incluir_requisicao_pagamento_beneficiario.Teste_Inclui_Beneficiario -->
      <class name="visualizar_requisicao_pagamento.Teste_Visualiza_Requisicao_Pagamento">
        <test-method status="PASS" signature="beforeMethod()[pri:0, instance:visualizar_requisicao_pagamento.Teste_Visualiza_Requisicao_Pagamento@4b952a2d]" name="beforeMethod" is-config="true" duration-ms="3711" started-at="2017-12-18T09:29:46Z" finished-at="2017-12-18T09:29:50Z">
          <reporter-output>
          </reporter-output>
        </test-method> <!-- beforeMethod -->
        <test-method status="FAIL" signature="UC002_CT012_PD012_1()[pri:0, instance:visualizar_requisicao_pagamento.Teste_Visualiza_Requisicao_Pagamento@4b952a2d]" name="UC002_CT012_PD012_1" duration-ms="16488" started-at="2017-12-18T09:29:50Z" finished-at="2017-12-18T09:30:07Z">
          <exception class="java.lang.AssertionError">
            <full-stacktrace>
              <![CDATA[java.lang.AssertionError: 
	at org.testng.AssertJUnit.fail(AssertJUnit.java:59)
	at org.testng.AssertJUnit.assertTrue(AssertJUnit.java:24)
	at org.testng.AssertJUnit.assertTrue(AssertJUnit.java:33)
	at visualizar_requisicao_pagamento.Teste_Visualiza_Requisicao_Pagamento.UC002_CT012_PD012_1(Teste_Visualiza_Requisicao_Pagamento.java:35)
	at sun.reflect.NativeMethodAccessorImpl.invoke0(Native Method)
	at sun.reflect.NativeMethodAccessorImpl.invoke(NativeMethodAccessorImpl.java:62)
	at sun.reflect.DelegatingMethodAccessorImpl.invoke(DelegatingMethodAccessorImpl.java:43)
	at java.lang.reflect.Method.invoke(Method.java:498)
	at org.testng.internal.MethodInvocationHelper.invokeMethod(MethodInvocationHelper.java:108)
	at org.testng.internal.Invoker.invokeMethod(Invoker.java:661)
	at org.testng.internal.Invoker.invokeTestMethod(Invoker.java:869)
	at org.testng.internal.Invoker.invokeTestMethods(Invoker.java:1193)
	at org.testng.internal.TestMethodWorker.invokeTestMethods(TestMethodWorker.java:126)
	at org.testng.internal.TestMethodWorker.run(TestMethodWorker.java:109)
	at org.testng.TestRunner.privateRun(TestRunner.java:744)
	at org.testng.TestRunner.run(TestRunner.java:602)
	at org.testng.SuiteRunner.runTest(SuiteRunner.java:380)
	at org.testng.SuiteRunner.runSequentially(SuiteRunner.java:375)
	at org.testng.SuiteRunner.privateRun(SuiteRunner.java:340)
	at org.testng.SuiteRunner.run(SuiteRunner.java:289)
	at org.testng.SuiteRunnerWorker.runSuite(SuiteRunnerWorker.java:52)
	at org.testng.SuiteRunnerWorker.run(SuiteRunnerWorker.java:86)
	at org.testng.TestNG.runSuitesSequentially(TestNG.java:1301)
	at org.testng.TestNG.runSuitesLocally(TestNG.java:1226)
	at org.testng.TestNG.runSuites(TestNG.java:1144)
	at org.testng.TestNG.run(TestNG.java:1115)
	at org.testng.remote.AbstractRemoteTestNG.run(AbstractRemoteTestNG.java:114)
	at org.testng.remote.RemoteTestNG.initAndRun(RemoteTestNG.java:251)
	at org.testng.remote.RemoteTestNG.main(RemoteTestNG.java:77)
]]>
            </full-stacktrace>
          </exception> <!-- java.lang.AssertionError -->
          <reporter-output>
          </reporter-output>
        </test-method> <!-- UC002_CT012_PD012_1 -->
        <test-method status="PASS" signature="afterMethod(org.testng.ITestResult)[pri:0, instance:visualizar_requisicao_pagamento.Teste_Visualiza_Requisicao_Pagamento@4b952a2d]" name="afterMethod" is-config="true" duration-ms="2445" started-at="2017-12-18T09:30:07Z" finished-at="2017-12-18T09:30:09Z">
          <params>
            <param index="0">
              <value>
                <![CDATA[[TestResult name=UC002_CT012_PD012_1 status=FAILURE method=Teste_Visualiza_Requisicao_Pagamento.UC002_CT012_PD012_1()[pri:0, instance:visualizar_requisicao_pagamento.Teste_Visualiza_Requisicao_Pagamento@4b952a2d] output={null}]]]>
              </value>
            </param>
          </params>
          <reporter-output>
          </reporter-output>
        </test-method> <!-- afterMethod -->
        <test-method status="PASS" signature="beforeMethod()[pri:0, instance:visualizar_requisicao_pagamento.Teste_Visualiza_Requisicao_Pagamento@4b952a2d]" name="beforeMethod" is-config="true" duration-ms="3707" started-at="2017-12-18T09:30:09Z" finished-at="2017-12-18T09:30:13Z">
          <reporter-output>
          </reporter-output>
        </test-method> <!-- beforeMethod -->
        <test-method status="PASS" signature="UC002_CT012_PD012_2()[pri:0, instance:visualizar_requisicao_pagamento.Teste_Visualiza_Requisicao_Pagamento@4b952a2d]" name="UC002_CT012_PD012_2" duration-ms="16424" started-at="2017-12-18T09:30:13Z" finished-at="2017-12-18T09:30:29Z">
          <reporter-output>
          </reporter-output>
        </test-method> <!-- UC002_CT012_PD012_2 -->
        <test-method status="PASS" signature="afterMethod(org.testng.ITestResult)[pri:0, instance:visualizar_requisicao_pagamento.Teste_Visualiza_Requisicao_Pagamento@4b952a2d]" name="afterMethod" is-config="true" duration-ms="2573" started-at="2017-12-18T09:30:29Z" finished-at="2017-12-18T09:30:32Z">
          <params>
            <param index="0">
              <value>
                <![CDATA[[TestResult name=UC002_CT012_PD012_2 status=SUCCESS method=Teste_Visualiza_Requisicao_Pagamento.UC002_CT012_PD012_2()[pri:0, instance:visualizar_requisicao_pagamento.Teste_Visualiza_Requisicao_Pagamento@4b952a2d] output={null}]]]>
              </value>
            </param>
          </params>
          <reporter-output>
          </reporter-output>
        </test-method> <!-- afterMethod -->
      </class> <!-- visualizar_requisicao_pagamento.Teste_Visualiza_Requisicao_Pagamento -->
      <class name="excluir_requisicao_pagamento.Teste_Exclui">
        <test-method status="PASS" signature="beforeMethod()[pri:0, instance:excluir_requisicao_pagamento.Teste_Exclui@4bec1f0c]" name="beforeMethod" is-config="true" duration-ms="3719" started-at="2017-12-18T09:32:27Z" finished-at="2017-12-18T09:32:31Z">
          <reporter-output>
          </reporter-output>
        </test-method> <!-- beforeMethod -->
        <test-method status="PASS" signature="UC002_CT004_PD004_1()[pri:0, instance:excluir_requisicao_pagamento.Teste_Exclui@4bec1f0c]" name="UC002_CT004_PD004_1" duration-ms="15632" started-at="2017-12-18T09:32:31Z" finished-at="2017-12-18T09:32:47Z">
          <reporter-output>
          </reporter-output>
        </test-method> <!-- UC002_CT004_PD004_1 -->
        <test-method status="PASS" signature="afterMethod(org.testng.ITestResult)[pri:0, instance:excluir_requisicao_pagamento.Teste_Exclui@4bec1f0c]" name="afterMethod" is-config="true" duration-ms="2348" started-at="2017-12-18T09:32:47Z" finished-at="2017-12-18T09:32:49Z">
          <params>
            <param index="0">
              <value>
                <![CDATA[[TestResult name=UC002_CT004_PD004_1 status=SUCCESS method=Teste_Exclui.UC002_CT004_PD004_1()[pri:0, instance:excluir_requisicao_pagamento.Teste_Exclui@4bec1f0c] output={null}]]]>
              </value>
            </param>
          </params>
          <reporter-output>
          </reporter-output>
        </test-method> <!-- afterMethod -->
        <test-method status="PASS" signature="beforeMethod()[pri:0, instance:excluir_requisicao_pagamento.Teste_Exclui@4bec1f0c]" name="beforeMethod" is-config="true" duration-ms="3688" started-at="2017-12-18T09:32:49Z" finished-at="2017-12-18T09:32:53Z">
          <reporter-output>
          </reporter-output>
        </test-method> <!-- beforeMethod -->
        <test-method status="PASS" signature="UC002_CT004_PD004_2()[pri:0, instance:excluir_requisicao_pagamento.Teste_Exclui@4bec1f0c]" name="UC002_CT004_PD004_2" duration-ms="15603" started-at="2017-12-18T09:32:53Z" finished-at="2017-12-18T09:33:08Z">
          <reporter-output>
          </reporter-output>
        </test-method> <!-- UC002_CT004_PD004_2 -->
        <test-method status="PASS" signature="afterMethod(org.testng.ITestResult)[pri:0, instance:excluir_requisicao_pagamento.Teste_Exclui@4bec1f0c]" name="afterMethod" is-config="true" duration-ms="2080" started-at="2017-12-18T09:33:08Z" finished-at="2017-12-18T09:33:10Z">
          <params>
            <param index="0">
              <value>
                <![CDATA[[TestResult name=UC002_CT004_PD004_2 status=SUCCESS method=Teste_Exclui.UC002_CT004_PD004_2()[pri:0, instance:excluir_requisicao_pagamento.Teste_Exclui@4bec1f0c] output={null}]]]>
              </value>
            </param>
          </params>
          <reporter-output>
          </reporter-output>
        </test-method> <!-- afterMethod -->
        <test-method status="PASS" signature="beforeMethod()[pri:0, instance:excluir_requisicao_pagamento.Teste_Exclui@4bec1f0c]" name="beforeMethod" is-config="true" duration-ms="3724" started-at="2017-12-18T09:33:10Z" finished-at="2017-12-18T09:33:14Z">
          <reporter-output>
          </reporter-output>
        </test-method> <!-- beforeMethod -->
        <test-method status="PASS" signature="UC002_CT004_PD004_3()[pri:0, instance:excluir_requisicao_pagamento.Teste_Exclui@4bec1f0c]" name="UC002_CT004_PD004_3" duration-ms="15774" started-at="2017-12-18T09:33:14Z" finished-at="2017-12-18T09:33:30Z">
          <reporter-output>
          </reporter-output>
        </test-method> <!-- UC002_CT004_PD004_3 -->
        <test-method status="PASS" signature="afterMethod(org.testng.ITestResult)[pri:0, instance:excluir_requisicao_pagamento.Teste_Exclui@4bec1f0c]" name="afterMethod" is-config="true" duration-ms="2144" started-at="2017-12-18T09:33:30Z" finished-at="2017-12-18T09:33:32Z">
          <params>
            <param index="0">
              <value>
                <![CDATA[[TestResult name=UC002_CT004_PD004_3 status=SUCCESS method=Teste_Exclui.UC002_CT004_PD004_3()[pri:0, instance:excluir_requisicao_pagamento.Teste_Exclui@4bec1f0c] output={null}]]]>
              </value>
            </param>
          </params>
          <reporter-output>
          </reporter-output>
        </test-method> <!-- afterMethod -->
        <test-method status="PASS" signature="beforeMethod()[pri:0, instance:excluir_requisicao_pagamento.Teste_Exclui@4bec1f0c]" name="beforeMethod" is-config="true" duration-ms="3688" started-at="2017-12-18T09:33:32Z" finished-at="2017-12-18T09:33:36Z">
          <reporter-output>
          </reporter-output>
        </test-method> <!-- beforeMethod -->
        <test-method status="PASS" signature="UC002_CT004_PD004_4()[pri:0, instance:excluir_requisicao_pagamento.Teste_Exclui@4bec1f0c]" name="UC002_CT004_PD004_4" duration-ms="15728" started-at="2017-12-18T09:33:36Z" finished-at="2017-12-18T09:33:51Z">
          <reporter-output>
          </reporter-output>
        </test-method> <!-- UC002_CT004_PD004_4 -->
        <test-method status="PASS" signature="afterMethod(org.testng.ITestResult)[pri:0, instance:excluir_requisicao_pagamento.Teste_Exclui@4bec1f0c]" name="afterMethod" is-config="true" duration-ms="285" started-at="2017-12-18T09:33:51Z" finished-at="2017-12-18T09:33:52Z">
          <params>
            <param index="0">
              <value>
                <![CDATA[[TestResult name=UC002_CT004_PD004_4 status=SUCCESS method=Teste_Exclui.UC002_CT004_PD004_4()[pri:0, instance:excluir_requisicao_pagamento.Teste_Exclui@4bec1f0c] output={null}]]]>
              </value>
            </param>
          </params>
          <reporter-output>
          </reporter-output>
        </test-method> <!-- afterMethod -->
        <test-method status="PASS" signature="beforeMethod()[pri:0, instance:excluir_requisicao_pagamento.Teste_Exclui@4bec1f0c]" name="beforeMethod" is-config="true" duration-ms="3743" started-at="2017-12-18T09:33:52Z" finished-at="2017-12-18T09:33:55Z">
          <reporter-output>
          </reporter-output>
        </test-method> <!-- beforeMethod -->
        <test-method status="PASS" signature="UC002_CT004_PD004_5()[pri:0, instance:excluir_requisicao_pagamento.Teste_Exclui@4bec1f0c]" name="UC002_CT004_PD004_5" duration-ms="15654" started-at="2017-12-18T09:33:55Z" finished-at="2017-12-18T09:34:11Z">
          <reporter-output>
          </reporter-output>
        </test-method> <!-- UC002_CT004_PD004_5 -->
        <test-method status="PASS" signature="afterMethod(org.testng.ITestResult)[pri:0, instance:excluir_requisicao_pagamento.Teste_Exclui@4bec1f0c]" name="afterMethod" is-config="true" duration-ms="2236" started-at="2017-12-18T09:34:11Z" finished-at="2017-12-18T09:34:13Z">
          <params>
            <param index="0">
              <value>
                <![CDATA[[TestResult name=UC002_CT004_PD004_5 status=SUCCESS method=Teste_Exclui.UC002_CT004_PD004_5()[pri:0, instance:excluir_requisicao_pagamento.Teste_Exclui@4bec1f0c] output={null}]]]>
              </value>
            </param>
          </params>
          <reporter-output>
          </reporter-output>
        </test-method> <!-- afterMethod -->
        <test-method status="PASS" signature="beforeMethod()[pri:0, instance:excluir_requisicao_pagamento.Teste_Exclui@4bec1f0c]" name="beforeMethod" is-config="true" duration-ms="3690" started-at="2017-12-18T09:34:13Z" finished-at="2017-12-18T09:34:17Z">
          <reporter-output>
          </reporter-output>
        </test-method> <!-- beforeMethod -->
        <test-method status="PASS" signature="UC002_CT004_PD004_6()[pri:0, instance:excluir_requisicao_pagamento.Teste_Exclui@4bec1f0c]" name="UC002_CT004_PD004_6" duration-ms="15769" started-at="2017-12-18T09:34:17Z" finished-at="2017-12-18T09:34:33Z">
          <reporter-output>
          </reporter-output>
        </test-method> <!-- UC002_CT004_PD004_6 -->
        <test-method status="PASS" signature="afterMethod(org.testng.ITestResult)[pri:0, instance:excluir_requisicao_pagamento.Teste_Exclui@4bec1f0c]" name="afterMethod" is-config="true" duration-ms="2307" started-at="2017-12-18T09:34:33Z" finished-at="2017-12-18T09:34:35Z">
          <params>
            <param index="0">
              <value>
                <![CDATA[[TestResult name=UC002_CT004_PD004_6 status=SUCCESS method=Teste_Exclui.UC002_CT004_PD004_6()[pri:0, instance:excluir_requisicao_pagamento.Teste_Exclui@4bec1f0c] output={null}]]]>
              </value>
            </param>
          </params>
          <reporter-output>
          </reporter-output>
        </test-method> <!-- afterMethod -->
      </class> <!-- excluir_requisicao_pagamento.Teste_Exclui -->
      <class name="consultar_requisicao_pagamento.Teste_Consulta">
        <test-method status="PASS" signature="beforeMethod()[pri:0, instance:consultar_requisicao_pagamento.Teste_Consulta@3159c4b8]" name="beforeMethod" is-config="true" duration-ms="3704" started-at="2017-12-18T09:30:32Z" finished-at="2017-12-18T09:30:35Z">
          <reporter-output>
          </reporter-output>
        </test-method> <!-- beforeMethod -->
        <test-method status="PASS" signature="UC002_CT001_PD001_1()[pri:0, instance:consultar_requisicao_pagamento.Teste_Consulta@3159c4b8]" name="UC002_CT001_PD001_1" duration-ms="17012" started-at="2017-12-18T09:30:35Z" finished-at="2017-12-18T09:30:52Z">
          <reporter-output>
          </reporter-output>
        </test-method> <!-- UC002_CT001_PD001_1 -->
        <test-method status="PASS" signature="afterMethod(org.testng.ITestResult)[pri:0, instance:consultar_requisicao_pagamento.Teste_Consulta@3159c4b8]" name="afterMethod" is-config="true" duration-ms="2859" started-at="2017-12-18T09:30:52Z" finished-at="2017-12-18T09:30:55Z">
          <params>
            <param index="0">
              <value>
                <![CDATA[[TestResult name=UC002_CT001_PD001_1 status=SUCCESS method=Teste_Consulta.UC002_CT001_PD001_1()[pri:0, instance:consultar_requisicao_pagamento.Teste_Consulta@3159c4b8] output={null}]]]>
              </value>
            </param>
          </params>
          <reporter-output>
          </reporter-output>
        </test-method> <!-- afterMethod -->
        <test-method status="PASS" signature="beforeMethod()[pri:0, instance:consultar_requisicao_pagamento.Teste_Consulta@3159c4b8]" name="beforeMethod" is-config="true" duration-ms="3721" started-at="2017-12-18T09:30:55Z" finished-at="2017-12-18T09:30:59Z">
          <reporter-output>
          </reporter-output>
        </test-method> <!-- beforeMethod -->
        <test-method status="PASS" signature="UC002_CT001_PD001_3()[pri:0, instance:consultar_requisicao_pagamento.Teste_Consulta@3159c4b8]" name="UC002_CT001_PD001_3" duration-ms="15601" started-at="2017-12-18T09:30:59Z" finished-at="2017-12-18T09:31:15Z">
          <reporter-output>
          </reporter-output>
        </test-method> <!-- UC002_CT001_PD001_3 -->
        <test-method status="PASS" signature="afterMethod(org.testng.ITestResult)[pri:0, instance:consultar_requisicao_pagamento.Teste_Consulta@3159c4b8]" name="afterMethod" is-config="true" duration-ms="2343" started-at="2017-12-18T09:31:15Z" finished-at="2017-12-18T09:31:17Z">
          <params>
            <param index="0">
              <value>
                <![CDATA[[TestResult name=UC002_CT001_PD001_3 status=SUCCESS method=Teste_Consulta.UC002_CT001_PD001_3()[pri:0, instance:consultar_requisicao_pagamento.Teste_Consulta@3159c4b8] output={null}]]]>
              </value>
            </param>
          </params>
          <reporter-output>
          </reporter-output>
        </test-method> <!-- afterMethod -->
        <test-method status="PASS" signature="beforeMethod()[pri:0, instance:consultar_requisicao_pagamento.Teste_Consulta@3159c4b8]" name="beforeMethod" is-config="true" duration-ms="3707" started-at="2017-12-18T09:31:17Z" finished-at="2017-12-18T09:31:21Z">
          <reporter-output>
          </reporter-output>
        </test-method> <!-- beforeMethod -->
        <test-method status="PASS" signature="UC002_CT002_PD001_2()[pri:0, instance:consultar_requisicao_pagamento.Teste_Consulta@3159c4b8]" name="UC002_CT002_PD001_2" duration-ms="14955" started-at="2017-12-18T09:31:21Z" finished-at="2017-12-18T09:31:36Z">
          <reporter-output>
          </reporter-output>
        </test-method> <!-- UC002_CT002_PD001_2 -->
        <test-method status="PASS" signature="afterMethod(org.testng.ITestResult)[pri:0, instance:consultar_requisicao_pagamento.Teste_Consulta@3159c4b8]" name="afterMethod" is-config="true" duration-ms="2351" started-at="2017-12-18T09:31:36Z" finished-at="2017-12-18T09:31:38Z">
          <params>
            <param index="0">
              <value>
                <![CDATA[[TestResult name=UC002_CT002_PD001_2 status=SUCCESS method=Teste_Consulta.UC002_CT002_PD001_2()[pri:0, instance:consultar_requisicao_pagamento.Teste_Consulta@3159c4b8] output={null}]]]>
              </value>
            </param>
          </params>
          <reporter-output>
          </reporter-output>
        </test-method> <!-- afterMethod -->
      </class> <!-- consultar_requisicao_pagamento.Teste_Consulta -->
      <class name="alterar_requisicao_pagamento_terceiro_interessado.Teste_Altera_Terceiros_Interessados">
        <test-method status="PASS" signature="beforeMethod()[pri:0, instance:alterar_requisicao_pagamento_terceiro_interessado.Teste_Altera_Terceiros_Interessados@69ea3742]" name="beforeMethod" is-config="true" duration-ms="6853" started-at="2017-12-18T09:28:57Z" finished-at="2017-12-18T09:29:04Z">
          <reporter-output>
          </reporter-output>
        </test-method> <!-- beforeMethod -->
        <test-method status="PASS" signature="UC002_CT0010_PD010_2()[pri:0, instance:alterar_requisicao_pagamento_terceiro_interessado.Teste_Altera_Terceiros_Interessados@69ea3742]" name="UC002_CT0010_PD010_2" duration-ms="16777" started-at="2017-12-18T09:29:04Z" finished-at="2017-12-18T09:29:21Z">
          <reporter-output>
          </reporter-output>
        </test-method> <!-- UC002_CT0010_PD010_2 -->
        <test-method status="PASS" signature="afterMethod(org.testng.ITestResult)[pri:0, instance:alterar_requisicao_pagamento_terceiro_interessado.Teste_Altera_Terceiros_Interessados@69ea3742]" name="afterMethod" is-config="true" duration-ms="2480" started-at="2017-12-18T09:29:21Z" finished-at="2017-12-18T09:29:23Z">
          <params>
            <param index="0">
              <value>
                <![CDATA[[TestResult name=UC002_CT0010_PD010_2 status=SUCCESS method=Teste_Altera_Terceiros_Interessados.UC002_CT0010_PD010_2()[pri:0, instance:alterar_requisicao_pagamento_terceiro_interessado.Teste_Altera_Terceiros_Interessados@69ea3742] output={null}]]]>
              </value>
            </param>
          </params>
          <reporter-output>
          </reporter-output>
        </test-method> <!-- afterMethod -->
        <test-method status="PASS" signature="beforeMethod()[pri:0, instance:alterar_requisicao_pagamento_terceiro_interessado.Teste_Altera_Terceiros_Interessados@69ea3742]" name="beforeMethod" is-config="true" duration-ms="3713" started-at="2017-12-18T09:29:23Z" finished-at="2017-12-18T09:29:27Z">
          <reporter-output>
          </reporter-output>
        </test-method> <!-- beforeMethod -->
        <test-method status="PASS" signature="UC002_CT010_PD010_1()[pri:0, instance:alterar_requisicao_pagamento_terceiro_interessado.Teste_Altera_Terceiros_Interessados@69ea3742]" name="UC002_CT010_PD010_1" duration-ms="16616" started-at="2017-12-18T09:29:27Z" finished-at="2017-12-18T09:29:44Z">
          <reporter-output>
          </reporter-output>
        </test-method> <!-- UC002_CT010_PD010_1 -->
        <test-method status="PASS" signature="afterMethod(org.testng.ITestResult)[pri:0, instance:alterar_requisicao_pagamento_terceiro_interessado.Teste_Altera_Terceiros_Interessados@69ea3742]" name="afterMethod" is-config="true" duration-ms="2565" started-at="2017-12-18T09:29:44Z" finished-at="2017-12-18T09:29:46Z">
          <params>
            <param index="0">
              <value>
                <![CDATA[[TestResult name=UC002_CT010_PD010_1 status=SUCCESS method=Teste_Altera_Terceiros_Interessados.UC002_CT010_PD010_1()[pri:0, instance:alterar_requisicao_pagamento_terceiro_interessado.Teste_Altera_Terceiros_Interessados@69ea3742] output={null}]]]>
              </value>
            </param>
          </params>
          <reporter-output>
          </reporter-output>
        </test-method> <!-- afterMethod -->
      </class> <!-- alterar_requisicao_pagamento_terceiro_interessado.Teste_Altera_Terceiros_Interessados -->
      <class name="visualizar_detalhes_historicos_requisicao_pagamento.Teste_Visualiza_Detalhes">
        <test-method status="PASS" signature="beforeMethod()[pri:0, instance:visualizar_detalhes_historicos_requisicao_pagamento.Teste_Visualiza_Detalhes@4566e5bd]" name="beforeMethod" is-config="true" duration-ms="3691" started-at="2017-12-18T09:15:28Z" finished-at="2017-12-18T09:15:32Z">
          <reporter-output>
          </reporter-output>
        </test-method> <!-- beforeMethod -->
        <test-method status="PASS" signature="UC002_CT006_PD006_1()[pri:0, instance:visualizar_detalhes_historicos_requisicao_pagamento.Teste_Visualiza_Detalhes@4566e5bd]" name="UC002_CT006_PD006_1" duration-ms="16467" started-at="2017-12-18T09:15:32Z" finished-at="2017-12-18T09:15:48Z">
          <reporter-output>
          </reporter-output>
        </test-method> <!-- UC002_CT006_PD006_1 -->
        <test-method status="PASS" signature="afterMethod(org.testng.ITestResult)[pri:0, instance:visualizar_detalhes_historicos_requisicao_pagamento.Teste_Visualiza_Detalhes@4566e5bd]" name="afterMethod" is-config="true" duration-ms="2523" started-at="2017-12-18T09:15:48Z" finished-at="2017-12-18T09:15:51Z">
          <params>
            <param index="0">
              <value>
                <![CDATA[[TestResult name=UC002_CT006_PD006_1 status=SUCCESS method=Teste_Visualiza_Detalhes.UC002_CT006_PD006_1()[pri:0, instance:visualizar_detalhes_historicos_requisicao_pagamento.Teste_Visualiza_Detalhes@4566e5bd] output={null}]]]>
              </value>
            </param>
          </params>
          <reporter-output>
          </reporter-output>
        </test-method> <!-- afterMethod -->
      </class> <!-- visualizar_detalhes_historicos_requisicao_pagamento.Teste_Visualiza_Detalhes -->
      <class name="alterar_requisicao_pagamento_dados_processo.Teste_Altera_Dados_Processo">
        <test-method status="PASS" signature="beforeMethod()[pri:0, instance:alterar_requisicao_pagamento_dados_processo.Teste_Altera_Dados_Processo@1ed4004b]" name="beforeMethod" is-config="true" duration-ms="3742" started-at="2017-12-18T09:15:51Z" finished-at="2017-12-18T09:15:54Z">
          <reporter-output>
          </reporter-output>
        </test-method> <!-- beforeMethod -->
        <test-method status="PASS" signature="UC002_CT003_PD003_1()[pri:0, instance:alterar_requisicao_pagamento_dados_processo.Teste_Altera_Dados_Processo@1ed4004b]" name="UC002_CT003_PD003_1" duration-ms="30636" started-at="2017-12-18T09:15:54Z" finished-at="2017-12-18T09:16:25Z">
          <reporter-output>
          </reporter-output>
        </test-method> <!-- UC002_CT003_PD003_1 -->
        <test-method status="PASS" signature="afterMethod(org.testng.ITestResult)[pri:0, instance:alterar_requisicao_pagamento_dados_processo.Teste_Altera_Dados_Processo@1ed4004b]" name="afterMethod" is-config="true" duration-ms="2701" started-at="2017-12-18T09:16:25Z" finished-at="2017-12-18T09:16:28Z">
          <params>
            <param index="0">
              <value>
                <![CDATA[[TestResult name=UC002_CT003_PD003_1 status=SUCCESS method=Teste_Altera_Dados_Processo.UC002_CT003_PD003_1()[pri:0, instance:alterar_requisicao_pagamento_dados_processo.Teste_Altera_Dados_Processo@1ed4004b] output={null}]]]>
              </value>
            </param>
          </params>
          <reporter-output>
          </reporter-output>
        </test-method> <!-- afterMethod -->
        <test-method status="PASS" signature="beforeMethod()[pri:0, instance:alterar_requisicao_pagamento_dados_processo.Teste_Altera_Dados_Processo@1ed4004b]" name="beforeMethod" is-config="true" duration-ms="3733" started-at="2017-12-18T09:16:28Z" finished-at="2017-12-18T09:16:31Z">
          <reporter-output>
          </reporter-output>
        </test-method> <!-- beforeMethod -->
        <test-method status="PASS" signature="UC002_CT003_PD003_2()[pri:0, instance:alterar_requisicao_pagamento_dados_processo.Teste_Altera_Dados_Processo@1ed4004b]" name="UC002_CT003_PD003_2" duration-ms="18009" started-at="2017-12-18T09:16:31Z" finished-at="2017-12-18T09:16:49Z">
          <reporter-output>
          </reporter-output>
        </test-method> <!-- UC002_CT003_PD003_2 -->
        <test-method status="PASS" signature="afterMethod(org.testng.ITestResult)[pri:0, instance:alterar_requisicao_pagamento_dados_processo.Teste_Altera_Dados_Processo@1ed4004b]" name="afterMethod" is-config="true" duration-ms="2529" started-at="2017-12-18T09:16:49Z" finished-at="2017-12-18T09:16:52Z">
          <params>
            <param index="0">
              <value>
                <![CDATA[[TestResult name=UC002_CT003_PD003_2 status=SUCCESS method=Teste_Altera_Dados_Processo.UC002_CT003_PD003_2()[pri:0, instance:alterar_requisicao_pagamento_dados_processo.Teste_Altera_Dados_Processo@1ed4004b] output={null}]]]>
              </value>
            </param>
          </params>
          <reporter-output>
          </reporter-output>
        </test-method> <!-- afterMethod -->
        <test-method status="PASS" signature="beforeMethod()[pri:0, instance:alterar_requisicao_pagamento_dados_processo.Teste_Altera_Dados_Processo@1ed4004b]" name="beforeMethod" is-config="true" duration-ms="3715" started-at="2017-12-18T09:16:52Z" finished-at="2017-12-18T09:16:56Z">
          <reporter-output>
          </reporter-output>
        </test-method> <!-- beforeMethod -->
        <test-method status="PASS" signature="UC002_CT003_PD003_3()[pri:0, instance:alterar_requisicao_pagamento_dados_processo.Teste_Altera_Dados_Processo@1ed4004b]" name="UC002_CT003_PD003_3" duration-ms="30627" started-at="2017-12-18T09:16:56Z" finished-at="2017-12-18T09:17:26Z">
          <reporter-output>
          </reporter-output>
        </test-method> <!-- UC002_CT003_PD003_3 -->
        <test-method status="PASS" signature="afterMethod(org.testng.ITestResult)[pri:0, instance:alterar_requisicao_pagamento_dados_processo.Teste_Altera_Dados_Processo@1ed4004b]" name="afterMethod" is-config="true" duration-ms="2467" started-at="2017-12-18T09:17:26Z" finished-at="2017-12-18T09:17:29Z">
          <params>
            <param index="0">
              <value>
                <![CDATA[[TestResult name=UC002_CT003_PD003_3 status=SUCCESS method=Teste_Altera_Dados_Processo.UC002_CT003_PD003_3()[pri:0, instance:alterar_requisicao_pagamento_dados_processo.Teste_Altera_Dados_Processo@1ed4004b] output={null}]]]>
              </value>
            </param>
          </params>
          <reporter-output>
          </reporter-output>
        </test-method> <!-- afterMethod -->
        <test-method status="PASS" signature="beforeMethod()[pri:0, instance:alterar_requisicao_pagamento_dados_processo.Teste_Altera_Dados_Processo@1ed4004b]" name="beforeMethod" is-config="true" duration-ms="3709" started-at="2017-12-18T09:17:29Z" finished-at="2017-12-18T09:17:33Z">
          <reporter-output>
          </reporter-output>
        </test-method> <!-- beforeMethod -->
        <test-method status="PASS" signature="UC002_CT003_PD003_4()[pri:0, instance:alterar_requisicao_pagamento_dados_processo.Teste_Altera_Dados_Processo@1ed4004b]" name="UC002_CT003_PD003_4" duration-ms="25088" started-at="2017-12-18T09:17:33Z" finished-at="2017-12-18T09:17:58Z">
          <reporter-output>
          </reporter-output>
        </test-method> <!-- UC002_CT003_PD003_4 -->
        <test-method status="PASS" signature="afterMethod(org.testng.ITestResult)[pri:0, instance:alterar_requisicao_pagamento_dados_processo.Teste_Altera_Dados_Processo@1ed4004b]" name="afterMethod" is-config="true" duration-ms="2510" started-at="2017-12-18T09:17:58Z" finished-at="2017-12-18T09:18:00Z">
          <params>
            <param index="0">
              <value>
                <![CDATA[[TestResult name=UC002_CT003_PD003_4 status=SUCCESS method=Teste_Altera_Dados_Processo.UC002_CT003_PD003_4()[pri:0, instance:alterar_requisicao_pagamento_dados_processo.Teste_Altera_Dados_Processo@1ed4004b] output={null}]]]>
              </value>
            </param>
          </params>
          <reporter-output>
          </reporter-output>
        </test-method> <!-- afterMethod -->
        <test-method status="PASS" signature="beforeMethod()[pri:0, instance:alterar_requisicao_pagamento_dados_processo.Teste_Altera_Dados_Processo@1ed4004b]" name="beforeMethod" is-config="true" duration-ms="3718" started-at="2017-12-18T09:18:00Z" finished-at="2017-12-18T09:18:04Z">
          <reporter-output>
          </reporter-output>
        </test-method> <!-- beforeMethod -->
        <test-method status="PASS" signature="UC002_CT003_PD003_5()[pri:0, instance:alterar_requisicao_pagamento_dados_processo.Teste_Altera_Dados_Processo@1ed4004b]" name="UC002_CT003_PD003_5" duration-ms="20564" started-at="2017-12-18T09:18:04Z" finished-at="2017-12-18T09:18:24Z">
          <reporter-output>
          </reporter-output>
        </test-method> <!-- UC002_CT003_PD003_5 -->
        <test-method status="PASS" signature="afterMethod(org.testng.ITestResult)[pri:0, instance:alterar_requisicao_pagamento_dados_processo.Teste_Altera_Dados_Processo@1ed4004b]" name="afterMethod" is-config="true" duration-ms="2730" started-at="2017-12-18T09:18:24Z" finished-at="2017-12-18T09:18:27Z">
          <params>
            <param index="0">
              <value>
                <![CDATA[[TestResult name=UC002_CT003_PD003_5 status=SUCCESS method=Teste_Altera_Dados_Processo.UC002_CT003_PD003_5()[pri:0, instance:alterar_requisicao_pagamento_dados_processo.Teste_Altera_Dados_Processo@1ed4004b] output={null}]]]>
              </value>
            </param>
          </params>
          <reporter-output>
          </reporter-output>
        </test-method> <!-- afterMethod -->
[...]
              </value>
            </param>
          </params>
          <reporter-output>
          </reporter-output>
        </test-method> <!-- afterMethod -->
        <test-method status="PASS" signature="beforeMethod()[pri:0, instance:incluir_requisicao_pagamento.Teste_inclui_requisicao_pagamento@5cb9f472]" name="beforeMethod" is-config="true" duration-ms="3685" started-at="2017-12-18T09:09:27Z" finished-at="2017-12-18T09:09:30Z">
          <reporter-output>
          </reporter-output>
        </test-method> <!-- beforeMethod -->
        <test-method status="PASS" signature="UC002_CT002_PD002_10()[pri:0, instance:incluir_requisicao_pagamento.Teste_inclui_requisicao_pagamento@5cb9f472]" name="UC002_CT002_PD002_10" duration-ms="25818" started-at="2017-12-18T09:09:30Z" finished-at="2017-12-18T09:09:56Z">
          <reporter-output>
          </reporter-output>
        </test-method> <!-- UC002_CT002_PD002_10 -->
        <test-method status="PASS" signature="afterMethod(org.testng.ITestResult)[pri:0, instance:incluir_requisicao_pagamento.Teste_inclui_requisicao_pagamento@5cb9f472]" name="afterMethod" is-config="true" duration-ms="2698" started-at="2017-12-18T09:09:56Z" finished-at="2017-12-18T09:09:59Z">
          <params>
            <param index="0">
              <value>
                <![CDATA[[TestResult name=UC002_CT002_PD002_10 status=SUCCESS method=Teste_inclui_requisicao_pagamento.UC002_CT002_PD002_10()[pri:0, instance:incluir_requisicao_pagamento.Teste_inclui_requisicao_pagamento@5cb9f472] output={null}]]]>
              </value>
            </param>
          </params>
          <reporter-output>
          </reporter-output>
        </test-method> <!-- afterMethod -->
        <test-method status="PASS" signature="beforeMethod()[pri:0, instance:incluir_requisicao_pagamento.Teste_inclui_requisicao_pagamento@5cb9f472]" name="beforeMethod" is-config="true" duration-ms="3749" started-at="2017-12-18T09:09:59Z" finished-at="2017-12-18T09:10:03Z">
          <reporter-output>
          </reporter-output>
        </test-method> <!-- beforeMethod -->
        <test-method status="PASS" signature="UC002_CT002_PD002_2()[pri:0, instance:incluir_requisicao_pagamento.Teste_inclui_requisicao_pagamento@5cb9f472]" name="UC002_CT002_PD002_2" duration-ms="15535" started-at="2017-12-18T09:10:03Z" finished-at="2017-12-18T09:10:18Z">
          <reporter-output>
          </reporter-output>
        </test-method> <!-- UC002_CT002_PD002_2 -->
        <test-method status="PASS" signature="afterMethod(org.testng.ITestResult)[pri:0, instance:incluir_requisicao_pagamento.Teste_inclui_requisicao_pagamento@5cb9f472]" name="afterMethod" is-config="true" duration-ms="2754" started-at="2017-12-18T09:10:18Z" finished-at="2017-12-18T09:10:21Z">
          <params>
            <param index="0">
              <value>
                <![CDATA[[TestResult name=UC002_CT002_PD002_2 status=SUCCESS method=Teste_inclui_requisicao_pagamento.UC002_CT002_PD002_2()[pri:0, instance:incluir_requisicao_pagamento.Teste_inclui_requisicao_pagamento@5cb9f472] output={null}]]]>
              </value>
            </param>
          </params>
          <reporter-output>
          </reporter-output>
        </test-method> <!-- afterMethod -->
        <test-method status="PASS" signature="beforeMethod()[pri:0, instance:incluir_requisicao_pagamento.Teste_inclui_requisicao_pagamento@5cb9f472]" name="beforeMethod" is-config="true" duration-ms="3691" started-at="2017-12-18T09:10:21Z" finished-at="2017-12-18T09:10:25Z">
          <reporter-output>
          </reporter-output>
        </test-method> <!-- beforeMethod -->
        <test-method status="PASS" signature="UC002_CT002_PD002_3()[pri:0, instance:incluir_requisicao_pagamento.Teste_inclui_requisicao_pagamento@5cb9f472]" name="UC002_CT002_PD002_3" duration-ms="25976" started-at="2017-12-18T09:10:25Z" finished-at="2017-12-18T09:10:51Z">
          <reporter-output>
          </reporter-output>
        </test-method> <!-- UC002_CT002_PD002_3 -->
        <test-method status="PASS" signature="afterMethod(org.testng.ITestResult)[pri:0, instance:incluir_requisicao_pagamento.Teste_inclui_requisicao_pagamento@5cb9f472]" name="afterMethod" is-config="true" duration-ms="3417" started-at="2017-12-18T09:10:51Z" finished-at="2017-12-18T09:10:54Z">
          <params>
            <param index="0">
              <value>
                <![CDATA[[TestResult name=UC002_CT002_PD002_3 status=SUCCESS method=Teste_inclui_requisicao_pagamento.UC002_CT002_PD002_3()[pri:0, instance:incluir_requisicao_pagamento.Teste_inclui_requisicao_pagamento@5cb9f472] output={null}]]]>
              </value>
            </param>
          </params>
          <reporter-output>
          </reporter-output>
        </test-method> <!-- afterMethod -->
        <test-method status="PASS" signature="beforeMethod()[pri:0, instance:incluir_requisicao_pagamento.Teste_inclui_requisicao_pagamento@5cb9f472]" name="beforeMethod" is-config="true" duration-ms="3746" started-at="2017-12-18T09:10:54Z" finished-at="2017-12-18T09:10:58Z">
          <reporter-output>
          </reporter-output>
        </test-method> <!-- beforeMethod -->
        <test-method status="PASS" signature="UC002_CT002_PD002_4()[pri:0, instance:incluir_requisicao_pagamento.Teste_inclui_requisicao_pagamento@5cb9f472]" name="UC002_CT002_PD002_4" duration-ms="34023" started-at="2017-12-18T09:10:58Z" finished-at="2017-12-18T09:11:32Z">
          <reporter-output>
          </reporter-output>
        </test-method> <!-- UC002_CT002_PD002_4 -->
        <test-method status="PASS" signature="afterMethod(org.testng.ITestResult)[pri:0, instance:incluir_requisicao_pagamento.Teste_inclui_requisicao_pagamento@5cb9f472]" name="afterMethod" is-config="true" duration-ms="2487" started-at="2017-12-18T09:11:32Z" finished-at="2017-12-18T09:11:34Z">
          <params>
            <param index="0">
              <value>
                <![CDATA[[TestResult name=UC002_CT002_PD002_4 status=SUCCESS method=Teste_inclui_requisicao_pagamento.UC002_CT002_PD002_4()[pri:0, instance:incluir_requisicao_pagamento.Teste_inclui_requisicao_pagamento@5cb9f472] output={null}]]]>
              </value>
            </param>
          </params>
          <reporter-output>
          </reporter-output>
        </test-method> <!-- afterMethod -->
        <test-method status="PASS" signature="beforeMethod()[pri:0, instance:incluir_requisicao_pagamento.Teste_inclui_requisicao_pagamento@5cb9f472]" name="beforeMethod" is-config="true" duration-ms="3726" started-at="2017-12-18T09:11:34Z" finished-at="2017-12-18T09:11:38Z">
          <reporter-output>
          </reporter-output>
        </test-method> <!-- beforeMethod -->
        <test-method status="PASS" signature="UC002_CT002_PD002_5()[pri:0, instance:incluir_requisicao_pagamento.Teste_inclui_requisicao_pagamento@5cb9f472]" name="UC002_CT002_PD002_5" duration-ms="30683" started-at="2017-12-18T09:11:38Z" finished-at="2017-12-18T09:12:09Z">
          <reporter-output>
          </reporter-output>
        </test-method> <!-- UC002_CT002_PD002_5 -->
        <test-method status="PASS" signature="afterMethod(org.testng.ITestResult)[pri:0, instance:incluir_requisicao_pagamento.Teste_inclui_requisicao_pagamento@5cb9f472]" name="afterMethod" is-config="true" duration-ms="2505" started-at="2017-12-18T09:12:09Z" finished-at="2017-12-18T09:12:11Z">
          <params>
            <param index="0">
              <value>
                <![CDATA[[TestResult name=UC002_CT002_PD002_5 status=SUCCESS method=Teste_inclui_requisicao_pagamento.UC002_CT002_PD002_5()[pri:0, instance:incluir_requisicao_pagamento.Teste_inclui_requisicao_pagamento@5cb9f472] output={null}]]]>
              </value>
            </param>
          </params>
          <reporter-output>
          </reporter-output>
        </test-method> <!-- afterMethod -->
        <test-method status="PASS" signature="beforeMethod()[pri:0, instance:incluir_requisicao_pagamento.Teste_inclui_requisicao_pagamento@5cb9f472]" name="beforeMethod" is-config="true" duration-ms="3711" started-at="2017-12-18T09:12:11Z" finished-at="2017-12-18T09:12:15Z">
          <reporter-output>
          </reporter-output>
        </test-method> <!-- beforeMethod -->
        <test-method status="PASS" signature="UC002_CT002_PD002_6()[pri:0, instance:incluir_requisicao_pagamento.Teste_inclui_requisicao_pagamento@5cb9f472]" name="UC002_CT002_PD002_6" duration-ms="33623" started-at="2017-12-18T09:12:15Z" finished-at="2017-12-18T09:12:48Z">
          <reporter-output>
          </reporter-output>
        </test-method> <!-- UC002_CT002_PD002_6 -->
        <test-method status="PASS" signature="afterMethod(org.testng.ITestResult)[pri:0, instance:incluir_requisicao_pagamento.Teste_inclui_requisicao_pagamento@5cb9f472]" name="afterMethod" is-config="true" duration-ms="2467" started-at="2017-12-18T09:12:48Z" finished-at="2017-12-18T09:12:51Z">
          <params>
            <param index="0">
              <value>
                <![CDATA[[TestResult name=UC002_CT002_PD002_6 status=SUCCESS method=Teste_inclui_requisicao_pagamento.UC002_CT002_PD002_6()[pri:0, instance:incluir_requisicao_pagamento.Teste_inclui_requisicao_pagamento@5cb9f472] output={null}]]]>
              </value>
            </param>
          </params>
          <reporter-output>
          </reporter-output>
        </test-method> <!-- afterMethod -->
        <test-method status="PASS" signature="beforeMethod()[pri:0, instance:incluir_requisicao_pagamento.Teste_inclui_requisicao_pagamento@5cb9f472]" name="beforeMethod" is-config="true" duration-ms="3715" started-at="2017-12-18T09:12:51Z" finished-at="2017-12-18T09:12:55Z">
          <reporter-output>
          </reporter-output>
        </test-method> <!-- beforeMethod -->
        <test-method status="PASS" signature="UC002_CT002_PD002_7()[pri:0, instance:incluir_requisicao_pagamento.Teste_inclui_requisicao_pagamento@5cb9f472]" name="UC002_CT002_PD002_7" duration-ms="30113" started-at="2017-12-18T09:12:55Z" finished-at="2017-12-18T09:13:25Z">
          <reporter-output>
          </reporter-output>
        </test-method> <!-- UC002_CT002_PD002_7 -->
        <test-method status="PASS" signature="afterMethod(org.testng.ITestResult)[pri:0, instance:incluir_requisicao_pagamento.Teste_inclui_requisicao_pagamento@5cb9f472]" name="afterMethod" is-config="true" duration-ms="2484" started-at="2017-12-18T09:13:25Z" finished-at="2017-12-18T09:13:27Z">
          <params>
            <param index="0">
              <value>
                <![CDATA[[TestResult name=UC002_CT002_PD002_7 status=SUCCESS method=Teste_inclui_requisicao_pagamento.UC002_CT002_PD002_7()[pri:0, instance:incluir_requisicao_pagamento.Teste_inclui_requisicao_pagamento@5cb9f472] output={null}]]]>
              </value>
            </param>
          </params>
          <reporter-output>
          </reporter-output>
        </test-method> <!-- afterMethod -->
        <test-method status="PASS" signature="beforeMethod()[pri:0, instance:incluir_requisicao_pagamento.Teste_inclui_requisicao_pagamento@5cb9f472]" name="beforeMethod" is-config="true" duration-ms="3739" started-at="2017-12-18T09:13:27Z" finished-at="2017-12-18T09:13:31Z">
          <reporter-output>
          </reporter-output>
        </test-method> <!-- beforeMethod -->
        <test-method status="PASS" signature="UC002_CT002_PD002_8()[pri:0, instance:incluir_requisicao_pagamento.Teste_inclui_requisicao_pagamento@5cb9f472]" name="UC002_CT002_PD002_8" duration-ms="30130" started-at="2017-12-18T09:13:31Z" finished-at="2017-12-18T09:14:01Z">
          <reporter-output>
          </reporter-output>
        </test-method> <!-- UC002_CT002_PD002_8 -->
        <test-method status="PASS" signature="afterMethod(org.testng.ITestResult)[pri:0, instance:incluir_requisicao_pagamento.Teste_inclui_requisicao_pagamento@5cb9f472]" name="afterMethod" is-config="true" duration-ms="2474" started-at="2017-12-18T09:14:01Z" finished-at="2017-12-18T09:14:04Z">
          <params>
            <param index="0">
              <value>
                <![CDATA[[TestResult name=UC002_CT002_PD002_8 status=SUCCESS method=Teste_inclui_requisicao_pagamento.UC002_CT002_PD002_8()[pri:0, instance:incluir_requisicao_pagamento.Teste_inclui_requisicao_pagamento@5cb9f472] output={null}]]]>
              </value>
            </param>
          </params>
          <reporter-output>
          </reporter-output>
        </test-method> <!-- afterMethod -->
        <test-method status="PASS" signature="beforeMethod()[pri:0, instance:incluir_requisicao_pagamento.Teste_inclui_requisicao_pagamento@5cb9f472]" name="beforeMethod" is-config="true" duration-ms="3706" started-at="2017-12-18T09:14:04Z" finished-at="2017-12-18T09:14:07Z">
          <reporter-output>
          </reporter-output>
        </test-method> <!-- beforeMethod -->
        <test-method status="PASS" signature="UC002_CT002_PD002_9()[pri:0, instance:incluir_requisicao_pagamento.Teste_inclui_requisicao_pagamento@5cb9f472]" name="UC002_CT002_PD002_9" duration-ms="13967" started-at="2017-12-18T09:14:07Z" finished-at="2017-12-18T09:14:21Z">
          <reporter-output>
          </reporter-output>
        </test-method> <!-- UC002_CT002_PD002_9 -->
        <test-method status="PASS" signature="afterMethod(org.testng.ITestResult)[pri:0, instance:incluir_requisicao_pagamento.Teste_inclui_requisicao_pagamento@5cb9f472]" name="afterMethod" is-config="true" duration-ms="2605" started-at="2017-12-18T09:14:21Z" finished-at="2017-12-18T09:14:24Z">
          <params>
            <param index="0">
              <value>
                <![CDATA[[TestResult name=UC002_CT002_PD002_9 status=SUCCESS method=Teste_inclui_requisicao_pagamento.UC002_CT002_PD002_9()[pri:0, instance:incluir_requisicao_pagamento.Teste_inclui_requisicao_pagamento@5cb9f472] output={null}]]]>
              </value>
            </param>
          </params>
          <reporter-output>
          </reporter-output>
        </test-method> <!-- afterMethod -->
        <test-method status="PASS" signature="afterSuite()[pri:0, instance:incluir_requisicao_pagamento.Teste_inclui_requisicao_pagamento@5cb9f472]" name="afterSuite" is-config="true" duration-ms="266" started-at="2017-12-18T09:34:35Z" finished-at="2017-12-18T09:34:35Z">
          <reporter-output>
          </reporter-output>
        </test-method> <!-- afterSuite -->
      </class> <!-- incluir_requisicao_pagamento.Teste_inclui_requisicao_pagamento -->
      <class name="finalizar_cadastro.Teste_Finalizar_Cadastro">
        <test-method status="PASS" signature="beforeMethod()[pri:0, instance:finalizar_cadastro.Teste_Finalizar_Cadastro@73846619]" name="beforeMethod" is-config="true" duration-ms="3723" started-at="2017-12-18T09:31:38Z" finished-at="2017-12-18T09:31:42Z">
          <reporter-output>
          </reporter-output>
        </test-method> <!-- beforeMethod -->
        <test-method status="PASS" signature="UC002_CT011_PD011_1()[pri:0, instance:finalizar_cadastro.Teste_Finalizar_Cadastro@73846619]" name="UC002_CT011_PD011_1" duration-ms="22465" started-at="2017-12-18T09:31:42Z" finished-at="2017-12-18T09:32:04Z">
          <reporter-output>
          </reporter-output>
        </test-method> <!-- UC002_CT011_PD011_1 -->
        <test-method status="PASS" signature="afterMethod(org.testng.ITestResult)[pri:0, instance:finalizar_cadastro.Teste_Finalizar_Cadastro@73846619]" name="afterMethod" is-config="true" duration-ms="2153" started-at="2017-12-18T09:32:04Z" finished-at="2017-12-18T09:32:06Z">
          <params>
            <param index="0">
              <value>
                <![CDATA[[TestResult name=UC002_CT011_PD011_1 status=SUCCESS method=Teste_Finalizar_Cadastro.UC002_CT011_PD011_1()[pri:0, instance:finalizar_cadastro.Teste_Finalizar_Cadastro@73846619] output={null}]]]>
              </value>
            </param>
          </params>
          <reporter-output>
          </reporter-output>
        </test-method> <!-- afterMethod -->
        <test-method status="PASS" signature="beforeMethod()[pri:0, instance:finalizar_cadastro.Teste_Finalizar_Cadastro@73846619]" name="beforeMethod" is-config="true" duration-ms="3681" started-at="2017-12-18T09:32:06Z" finished-at="2017-12-18T09:32:10Z">
          <reporter-output>
          </reporter-output>
        </test-method> <!-- beforeMethod -->
        <test-method status="FAIL" signature="UC002_CT011_PD011_2()[pri:0, instance:finalizar_cadastro.Teste_Finalizar_Cadastro@73846619]" name="UC002_CT011_PD011_2" duration-ms="14935" started-at="2017-12-18T09:32:10Z" finished-at="2017-12-18T09:32:25Z">
          <exception class="java.lang.AssertionError">
            <message>
              <![CDATA[Error 404: Process not found]]>
            </message>
            <full-stacktrace>
              <![CDATA[java.lang.AssertionError: Error 404: Process not found
	at org.testng.Assert.fail(Assert.java:93)
	at finalizar_cadastro.Teste_Finalizar_Cadastro.UC002_CT011_PD011_2(Teste_Finalizar_Cadastro.java:46)
	at sun.reflect.NativeMethodAccessorImpl.invoke0(Native Method)
	at sun.reflect.NativeMethodAccessorImpl.invoke(NativeMethodAccessorImpl.java:62)
	at sun.reflect.DelegatingMethodAccessorImpl.invoke(DelegatingMethodAccessorImpl.java:43)
	at java.lang.reflect.Method.invoke(Method.java:498)
	at org.testng.internal.MethodInvocationHelper.invokeMethod(MethodInvocationHelper.java:108)
	at org.testng.internal.Invoker.invokeMethod(Invoker.java:661)
	at org.testng.internal.Invoker.invokeTestMethod(Invoker.java:869)
	at org.testng.internal.Invoker.invokeTestMethods(Invoker.java:1193)
	at org.testng.internal.TestMethodWorker.invokeTestMethods(TestMethodWorker.java:126)
	at org.testng.internal.TestMethodWorker.run(TestMethodWorker.java:109)
	at org.testng.TestRunner.privateRun(TestRunner.java:744)
	at org.testng.TestRunner.run(TestRunner.java:602)
	at org.testng.SuiteRunner.runTest(SuiteRunner.java:380)
	at org.testng.SuiteRunner.runSequentially(SuiteRunner.java:375)
	at org.testng.SuiteRunner.privateRun(SuiteRunner.java:340)
	at org.testng.SuiteRunner.run(SuiteRunner.java:289)
	at org.testng.SuiteRunnerWorker.runSuite(SuiteRunnerWorker.java:52)
	at org.testng.SuiteRunnerWorker.run(SuiteRunnerWorker.java:86)
	at org.testng.TestNG.runSuitesSequentially(TestNG.java:1301)
	at org.testng.TestNG.runSuitesLocally(TestNG.java:1226)
	at org.testng.TestNG.runSuites(TestNG.java:1144)
	at org.testng.TestNG.run(TestNG.java:1115)
	at org.testng.remote.AbstractRemoteTestNG.run(AbstractRemoteTestNG.java:114)
	at org.testng.remote.RemoteTestNG.initAndRun(RemoteTestNG.java:251)
	at org.testng.remote.RemoteTestNG.main(RemoteTestNG.java:77)
]]>
            </full-stacktrace>
          </exception> <!-- java.lang.AssertionError -->
          <reporter-output>
          </reporter-output>
        </test-method> <!-- UC002_CT011_PD011_2 -->
        <test-method status="PASS" signature="afterMethod(org.testng.ITestResult)[pri:0, instance:finalizar_cadastro.Teste_Finalizar_Cadastro@73846619]" name="afterMethod" is-config="true" duration-ms="2315" started-at="2017-12-18T09:32:25Z" finished-at="2017-12-18T09:32:27Z">
          <params>
            <param index="0">
              <value>
                <![CDATA[[TestResult name=UC002_CT011_PD011_2 status=FAILURE method=Teste_Finalizar_Cadastro.UC002_CT011_PD011_2()[pri:0, instance:finalizar_cadastro.Teste_Finalizar_Cadastro@73846619] output={null}]]]>
              </value>
            </param>
          </params>
          <reporter-output>
          </reporter-output>
        </test-method> <!-- afterMethod -->
      </class> <!-- finalizar_cadastro.Teste_Finalizar_Cadastro -->
    </test> <!-- Regression_testing -->
  </suite> <!-- Suite Regression testing GEP TC002 -->
</testng-results>
